Using pre-set license
Built from '2020.3/staging' branch; Version is '2020.3.4f1 (0abb6314276a) revision 703331'; Using compiler version '192528614'; Build Type 'Release'
OS: 'Windows 10 Home Single Language; OS build 19042.1288; Version 2009; 64bit' Language: 'es' Physical Memory: 10116 MB
BatchMode: 1, IsHumanControllingUs: 0, StartBugReporterOnCrash: 0, Is64bit: 1, IsPro: 0

 COMMAND LINE ARGUMENTS:
C:\Program Files\Unity\Hub\Editor\2020.3.4f1\Editor\Unity.exe
-adb2
-batchMode
-noUpm
-name
AssetImportWorker0
-projectPath
C:/Users/Daniel/LeapTest
-logFile
Logs/AssetImportWorker0.log
-srvPort
53982
Successfully changed project path to: C:/Users/Daniel/LeapTest
C:/Users/Daniel/LeapTest
Using Asset Import Pipeline V2.
Refreshing native plugins compatible for Editor in 109.24 ms, found 1 plugins.
Preloading 0 native plugins for Editor in 0.00 ms.
Initialize engine version: 2020.3.4f1 (0abb6314276a)
[Subsystems] Discovering subsystems at path C:/Program Files/Unity/Hub/Editor/2020.3.4f1/Editor/Data/Resources/UnitySubsystems
[Subsystems] Discovering subsystems at path C:/Users/Daniel/LeapTest/Assets
GfxDevice: creating device client; threaded=0
Direct3D:
    Version:  Direct3D 11.0 [level 11.1]
    Renderer: AMD Radeon(TM) Graphics (ID=0x15d8)
    Vendor:   
    VRAM:     5058 MB
    Driver:   27.20.11028.10001
Initialize mono
Mono path[0] = 'C:/Program Files/Unity/Hub/Editor/2020.3.4f1/Editor/Data/Managed'
Mono path[1] = 'C:/Program Files/Unity/Hub/Editor/2020.3.4f1/Editor/Data/MonoBleedingEdge/lib/mono/unityjit'
Mono config path = 'C:/Program Files/Unity/Hub/Editor/2020.3.4f1/Editor/Data/MonoBleedingEdge/etc'
Using monoOptions --debugger-agent=transport=dt_socket,embedding=1,server=y,suspend=n,address=127.0.0.1:56380
Begin MonoManager ReloadAssembly
Registering precompiled unity dll's ...
Register platform support module: C:/Program Files/Unity/Hub/Editor/2020.3.4f1/Editor/Data/PlaybackEngines/WindowsStandaloneSupport/UnityEditor.WindowsStandalone.Extensions.dll
Registered in 0.020185 seconds.
Native extension for WindowsStandalone target not found
Refreshing native plugins compatible for Editor in 118.78 ms, found 1 plugins.
Preloading 0 native plugins for Editor in 0.00 ms.
Mono: successfully reloaded assembly
- Completed reload, in 10.051 seconds
Platform modules already initialized, skipping
Registering precompiled user dll's ...
Registered in 0.010573 seconds.
Begin MonoManager ReloadAssembly
Native extension for WindowsStandalone target not found
Refreshing native plugins compatible for Editor in 0.91 ms, found 1 plugins.
Preloading 0 native plugins for Editor in 0.00 ms.
Mono: successfully reloaded assembly
- Completed reload, in  4.002 seconds
Platform modules already initialized, skipping
========================================================================
Worker process is ready to serve import requests
Launched and connected shader compiler UnityShaderCompiler.exe after 0.21 seconds
Refreshing native plugins compatible for Editor in 1.11 ms, found 1 plugins.
Preloading 0 native plugins for Editor in 0.00 ms.
Unloading 1539 Unused Serialized files (Serialized files now loaded: 0)
System memory in use before: 71.3 MB.
System memory in use after: 71.4 MB.

Unloading 13 unused Assets to reduce memory usage. Loaded Objects now: 1983.
Total: 6.975700 ms (FindLiveObjects: 1.258700 ms CreateObjectMapping: 0.410000 ms MarkObjects: 5.066800 ms  DeleteObjects: 0.235600 ms)

========================================================================
Received Import Request.
  path: Assets/Scenes/Init_Interface.unity
  artifactKey: Guid(9fc0d4010bbf28b4594072e72b8655ab) Importer(815301076,1909f56bfc062723c751e8b465ee728b)
Start importing Assets/Scenes/Init_Interface.unity using Guid(9fc0d4010bbf28b4594072e72b8655ab) Importer(815301076,1909f56bfc062723c751e8b465ee728b)  -> (artifact id: 'ab5fcea4b44750f6c3db9d355fdca703') in 0.057415 seconds
  Import took 0.113005 seconds .

========================================================================
Received Prepare
Registering precompiled user dll's ...
Registered in 0.014648 seconds.
Begin MonoManager ReloadAssembly
Native extension for WindowsStandalone target not found
Refreshing native plugins compatible for Editor in 1.00 ms, found 1 plugins.
Preloading 0 native plugins for Editor in 0.00 ms.
Mono: successfully reloaded assembly
- Completed reload, in  2.607 seconds
Platform modules already initialized, skipping
Refreshing native plugins compatible for Editor in 2.03 ms, found 1 plugins.
Preloading 0 native plugins for Editor in 0.00 ms.
Unloading 1531 Unused Serialized files (Serialized files now loaded: 0)
System memory in use before: 70.2 MB.
System memory in use after: 70.3 MB.

Unloading 8 unused Assets to reduce memory usage. Loaded Objects now: 1991.
Total: 6.834400 ms (FindLiveObjects: 0.862200 ms CreateObjectMapping: 0.756500 ms MarkObjects: 5.055700 ms  DeleteObjects: 0.156300 ms)

========================================================================
Received Import Request.
  Time since last request: 317.310787 seconds.
  path: Assets/AlpacaStudio_Menu_Template
  artifactKey: Guid(f5883c7c12b178644a8070c1e8281dbe) Importer(815301076,1909f56bfc062723c751e8b465ee728b)
Start importing Assets/AlpacaStudio_Menu_Template using Guid(f5883c7c12b178644a8070c1e8281dbe) Importer(815301076,1909f56bfc062723c751e8b465ee728b)  -> (artifact id: '4cc25346b41a4a1fbdecd6f8261cdee4') in 0.057619 seconds
  Import took 0.106620 seconds .

========================================================================
Received Import Request.
  Time since last request: 1.853983 seconds.
  path: Assets/AlpacaStudio_Menu_Template/Scripts
  artifactKey: Guid(81d38901187b91048914665ddbf7d3f1) Importer(815301076,1909f56bfc062723c751e8b465ee728b)
Start importing Assets/AlpacaStudio_Menu_Template/Scripts using Guid(81d38901187b91048914665ddbf7d3f1) Importer(815301076,1909f56bfc062723c751e8b465ee728b)  -> (artifact id: 'd5fd92f47470f62bf4023a5a982e7041') in 0.076011 seconds
  Import took 0.090322 seconds .

========================================================================
Received Import Request.
  Time since last request: 0.845909 seconds.
  path: Assets/AlpacaStudio_Menu_Template/ImageAssets
  artifactKey: Guid(6774b45965e46ca44bef2208a54a97a9) Importer(815301076,1909f56bfc062723c751e8b465ee728b)
Start importing Assets/AlpacaStudio_Menu_Template/ImageAssets using Guid(6774b45965e46ca44bef2208a54a97a9) Importer(815301076,1909f56bfc062723c751e8b465ee728b)  -> (artifact id: 'c7db7e8918f0a04ebd63554236e9e3b1') in 0.064281 seconds
  Import took 0.074139 seconds .

========================================================================
Received Import Request.
  Time since last request: 0.915963 seconds.
  path: Assets/AlpacaStudio_Menu_Template/Fonts
  artifactKey: Guid(28a88bd9983fd6040824de34b88b6ef3) Importer(815301076,1909f56bfc062723c751e8b465ee728b)
Start importing Assets/AlpacaStudio_Menu_Template/Fonts using Guid(28a88bd9983fd6040824de34b88b6ef3) Importer(815301076,1909f56bfc062723c751e8b465ee728b)  -> (artifact id: '2170ec5b057b611d946411b9526421c5') in 0.056123 seconds
  Import took 0.105768 seconds .

========================================================================
Received Import Request.
  Time since last request: 1.631745 seconds.
  path: Assets/AlpacaStudio_Menu_Template/Examples
  artifactKey: Guid(9ef6014efb56f604e9441e6ecce9243c) Importer(815301076,1909f56bfc062723c751e8b465ee728b)
Start importing Assets/AlpacaStudio_Menu_Template/Examples using Guid(9ef6014efb56f604e9441e6ecce9243c) Importer(815301076,1909f56bfc062723c751e8b465ee728b)  -> (artifact id: 'a29fc53f31634d39ece9ef506dd85db0') in 0.072602 seconds
  Import took 0.087914 seconds .

========================================================================
Received Import Request.
  Time since last request: 5.068991 seconds.
  path: Assets/AlpacaStudio_Menu_Template/Audio
  artifactKey: Guid(7f578e9570784eb4e892ef0433f7ae2a) Importer(815301076,1909f56bfc062723c751e8b465ee728b)
Start importing Assets/AlpacaStudio_Menu_Template/Audio using Guid(7f578e9570784eb4e892ef0433f7ae2a) Importer(815301076,1909f56bfc062723c751e8b465ee728b)  -> (artifact id: 'db59e84eed34eef1a29a0cec633c2e93') in 0.034610 seconds
  Import took 0.058059 seconds .

========================================================================
Received Import Request.
  Time since last request: 89.250621 seconds.
  path: Assets/AlpacaStudio_Menu_Template/Prefabs
  artifactKey: Guid(68e46f1937afa754590c42ddee890a06) Importer(815301076,1909f56bfc062723c751e8b465ee728b)
Start importing Assets/AlpacaStudio_Menu_Template/Prefabs using Guid(68e46f1937afa754590c42ddee890a06) Importer(815301076,1909f56bfc062723c751e8b465ee728b)  -> (artifact id: 'd96d2d7d9f927be83dc29cc071845f76') in 0.040508 seconds
  Import took 0.091112 seconds .

========================================================================
Received Import Request.
  Time since last request: 6.744271 seconds.
  path: Assets/AlpacaStudio_Menu_Template/Prefabs/_MusicPlayer.prefab
  artifactKey: Guid(6ec64b4c4066fda49891d51887ba93b3) Importer(815301076,1909f56bfc062723c751e8b465ee728b)
Start importing Assets/AlpacaStudio_Menu_Template/Prefabs/_MusicPlayer.prefab using Guid(6ec64b4c4066fda49891d51887ba93b3) Importer(815301076,1909f56bfc062723c751e8b465ee728b)  -> (artifact id: 'e4abec931e7a34ccb19b47607f0b77c9') in 0.128821 seconds
  Import took 0.180261 seconds .

========================================================================
Received Import Request.
  Time since last request: 0.000742 seconds.
  path: Assets/AlpacaStudio_Menu_Template/Prefabs/Menu_Canvas_Mobile.prefab
  artifactKey: Guid(aa65e58460411d748b2872e49f49fca0) Importer(815301076,1909f56bfc062723c751e8b465ee728b)
Start importing Assets/AlpacaStudio_Menu_Template/Prefabs/Menu_Canvas_Mobile.prefab using Guid(aa65e58460411d748b2872e49f49fca0) Importer(815301076,1909f56bfc062723c751e8b465ee728b)  -> (artifact id: '9213d1dc4cff2b31adf3eddc05da1b5a') in 0.129379 seconds
  Import took 0.136007 seconds .

========================================================================
Received Import Request.
  Time since last request: 0.000495 seconds.
  path: Assets/AlpacaStudio_Menu_Template/Prefabs/Menu_Canvas_Standalone.prefab
  artifactKey: Guid(8f4461d0e693b1347ad7f49902143528) Importer(815301076,1909f56bfc062723c751e8b465ee728b)
Start importing Assets/AlpacaStudio_Menu_Template/Prefabs/Menu_Canvas_Standalone.prefab using Guid(8f4461d0e693b1347ad7f49902143528) Importer(815301076,1909f56bfc062723c751e8b465ee728b)  -> (artifact id: '2efa9c68ab72d12aad8451fa12640fe1') in 0.073724 seconds
  Import took 0.083182 seconds .

========================================================================
Received Import Request.
  Time since last request: 7.420385 seconds.
  path: Assets/AlpacaStudio_Menu_Template/Fonts/Lemon-Regular.ttf
  artifactKey: Guid(6fd9f74f13d3d5b42b08bbb1be66f936) Importer(815301076,1909f56bfc062723c751e8b465ee728b)
Start importing Assets/AlpacaStudio_Menu_Template/Fonts/Lemon-Regular.ttf using Guid(6fd9f74f13d3d5b42b08bbb1be66f936) Importer(815301076,1909f56bfc062723c751e8b465ee728b)  -> (artifact id: '550099975fad961400831f818045afdf') in 0.278666 seconds
  Import took 0.286691 seconds .

========================================================================
Received Import Request.
  Time since last request: 1.833998 seconds.
  path: Assets/AlpacaStudio_Menu_Template/ImageAssets/Half_Button_L.png
  artifactKey: Guid(57acb1e81135a0543aa6cac4c8399e6d) Importer(815301076,1909f56bfc062723c751e8b465ee728b)
Start importing Assets/AlpacaStudio_Menu_Template/ImageAssets/Half_Button_L.png using Guid(57acb1e81135a0543aa6cac4c8399e6d) Importer(815301076,1909f56bfc062723c751e8b465ee728b)  -> (artifact id: '8a74950082bbeb90e54db4c40df550d9') in 0.187894 seconds
  Import took 0.200242 seconds .

========================================================================
Received Import Request.
  Time since last request: 0.000429 seconds.
  path: Assets/AlpacaStudio_Menu_Template/ImageAssets/Rounded_Button.png
  artifactKey: Guid(f61e0a70a33ddb14d9b279347b1366db) Importer(815301076,1909f56bfc062723c751e8b465ee728b)
Start importing Assets/AlpacaStudio_Menu_Template/ImageAssets/Rounded_Button.png using Guid(f61e0a70a33ddb14d9b279347b1366db) Importer(815301076,1909f56bfc062723c751e8b465ee728b)  -> (artifact id: 'e273d6e49dcf057fd9709c3d604000c2') in 0.088843 seconds
  Import took 0.096629 seconds .

========================================================================
Received Import Request.
  Time since last request: 0.000520 seconds.
  path: Assets/AlpacaStudio_Menu_Template/ImageAssets/Half_Button_R.png
  artifactKey: Guid(4bff87bdcc64efd4e8931bc7efe8c05a) Importer(815301076,1909f56bfc062723c751e8b465ee728b)
Start importing Assets/AlpacaStudio_Menu_Template/ImageAssets/Half_Button_R.png using Guid(4bff87bdcc64efd4e8931bc7efe8c05a) Importer(815301076,1909f56bfc062723c751e8b465ee728b)  -> (artifact id: '040f9bd4b55a75194a59d86562ca8686') in 0.083021 seconds
  Import took 0.132497 seconds .

========================================================================
Received Import Request.
  Time since last request: 0.000443 seconds.
  path: Assets/AlpacaStudio_Menu_Template/ImageAssets/YourLogoHere.png
  artifactKey: Guid(188c96b8039beb94bbf58eef0677f82a) Importer(815301076,1909f56bfc062723c751e8b465ee728b)
Start importing Assets/AlpacaStudio_Menu_Template/ImageAssets/YourLogoHere.png using Guid(188c96b8039beb94bbf58eef0677f82a) Importer(815301076,1909f56bfc062723c751e8b465ee728b)  -> (artifact id: '7c0d6f5e73bd8f72a3fc28c1ce5a796a') in 0.085858 seconds
  Import took 0.093711 seconds .

========================================================================
Received Import Request.
  Time since last request: 0.003121 seconds.
  path: Assets/AlpacaStudio_Menu_Template/ImageAssets/Icon_Sound.png
  artifactKey: Guid(e6c59c8d94f172043a30d2e81ccfb457) Importer(815301076,1909f56bfc062723c751e8b465ee728b)
Start importing Assets/AlpacaStudio_Menu_Template/ImageAssets/Icon_Sound.png using Guid(e6c59c8d94f172043a30d2e81ccfb457) Importer(815301076,1909f56bfc062723c751e8b465ee728b)  -> (artifact id: 'f107899ac45c7037aefb706295496260') in 0.105135 seconds
  Import took 0.114821 seconds .

========================================================================
Received Import Request.
  Time since last request: 0.000438 seconds.
  path: Assets/AlpacaStudio_Menu_Template/ImageAssets/Menu_Background.png
  artifactKey: Guid(81689118786cf124b9301b1d140ff220) Importer(815301076,1909f56bfc062723c751e8b465ee728b)
Start importing Assets/AlpacaStudio_Menu_Template/ImageAssets/Menu_Background.png using Guid(81689118786cf124b9301b1d140ff220) Importer(815301076,1909f56bfc062723c751e8b465ee728b)  -> (artifact id: 'efdfe2db11b0de0a9332b99718fe53f5') in 0.087655 seconds
  Import took 0.096924 seconds .

========================================================================
Received Import Request.
  Time since last request: 0.000420 seconds.
  path: Assets/AlpacaStudio_Menu_Template/ImageAssets/Icon_Mute.png
  artifactKey: Guid(ee7100434d12ec44d8b1e194983bc270) Importer(815301076,1909f56bfc062723c751e8b465ee728b)
Start importing Assets/AlpacaStudio_Menu_Template/ImageAssets/Icon_Mute.png using Guid(ee7100434d12ec44d8b1e194983bc270) Importer(815301076,1909f56bfc062723c751e8b465ee728b)  -> (artifact id: '37e2de0aeea12308ef65c7377c47c4d9') in 0.091203 seconds
  Import took 0.099516 seconds .

========================================================================
Received Import Request.
  Time since last request: 0.000627 seconds.
  path: Assets/AlpacaStudio_Menu_Template/ImageAssets/Half_Button_L.png
  artifactKey: Guid(57acb1e81135a0543aa6cac4c8399e6d) Importer(815301076,1909f56bfc062723c751e8b465ee728b)
Start importing Assets/AlpacaStudio_Menu_Template/ImageAssets/Half_Button_L.png using Guid(57acb1e81135a0543aa6cac4c8399e6d) Importer(815301076,1909f56bfc062723c751e8b465ee728b)  -> (artifact id: '8a74950082bbeb90e54db4c40df550d9') in 0.063353 seconds
  Import took 0.075999 seconds .

========================================================================
Received Prepare
Registering precompiled user dll's ...
Registered in 0.002612 seconds.
Begin MonoManager ReloadAssembly
Native extension for WindowsStandalone target not found
Refreshing native plugins compatible for Editor in 1.02 ms, found 1 plugins.
Preloading 0 native plugins for Editor in 0.00 ms.
Mono: successfully reloaded assembly
- Completed reload, in  2.498 seconds
Platform modules already initialized, skipping
Refreshing native plugins compatible for Editor in 1.15 ms, found 1 plugins.
Preloading 0 native plugins for Editor in 0.00 ms.
Unloading 1531 Unused Serialized files (Serialized files now loaded: 0)
System memory in use before: 73.7 MB.
System memory in use after: 73.8 MB.

Unloading 8 unused Assets to reduce memory usage. Loaded Objects now: 2043.
Total: 6.168300 ms (FindLiveObjects: 0.971300 ms CreateObjectMapping: 0.467000 ms MarkObjects: 4.580500 ms  DeleteObjects: 0.143700 ms)

========================================================================
Received Prepare
Registering precompiled user dll's ...
Registered in 0.002493 seconds.
Begin MonoManager ReloadAssembly
Native extension for WindowsStandalone target not found
Refreshing native plugins compatible for Editor in 1.07 ms, found 1 plugins.
Preloading 0 native plugins for Editor in 0.00 ms.
Mono: successfully reloaded assembly
- Completed reload, in  2.767 seconds
Platform modules already initialized, skipping
Refreshing native plugins compatible for Editor in 1.01 ms, found 1 plugins.
Preloading 0 native plugins for Editor in 0.00 ms.
Unloading 1531 Unused Serialized files (Serialized files now loaded: 0)
System memory in use before: 73.7 MB.
System memory in use after: 73.8 MB.

Unloading 8 unused Assets to reduce memory usage. Loaded Objects now: 2047.
Total: 6.696600 ms (FindLiveObjects: 1.031700 ms CreateObjectMapping: 0.443100 ms MarkObjects: 5.068400 ms  DeleteObjects: 0.149000 ms)

========================================================================
Received Import Request.
  Time since last request: 1124.552539 seconds.
  path: Assets/AlpacaStudio_Menu_Template/Examples/Level.unity
  artifactKey: Guid(039de377be33a8e4abd2689564b54e1d) Importer(815301076,1909f56bfc062723c751e8b465ee728b)
Start importing Assets/AlpacaStudio_Menu_Template/Examples/Level.unity using Guid(039de377be33a8e4abd2689564b54e1d) Importer(815301076,1909f56bfc062723c751e8b465ee728b)  -> (artifact id: 'ea35a40dbe78b4c474bce1434fa3143b') in 0.070774 seconds
  Import took 0.095876 seconds .

========================================================================
Received Import Request.
  Time since last request: 17.925271 seconds.
  path: Assets/AlpacaStudio_Menu_Template/Examples/Standalone.unity
  artifactKey: Guid(aff9aaf8d4c68984c9a5334437caafd0) Importer(815301076,1909f56bfc062723c751e8b465ee728b)
Start importing Assets/AlpacaStudio_Menu_Template/Examples/Standalone.unity using Guid(aff9aaf8d4c68984c9a5334437caafd0) Importer(815301076,1909f56bfc062723c751e8b465ee728b)  -> (artifact id: 'c94deaa989b315ae634c0d266203f1bf') in 0.039497 seconds
  Import took 0.049166 seconds .

========================================================================
Received Prepare
Registering precompiled user dll's ...
Registered in 0.009983 seconds.
Begin MonoManager ReloadAssembly
Native extension for WindowsStandalone target not found
Refreshing native plugins compatible for Editor in 1.18 ms, found 1 plugins.
Preloading 0 native plugins for Editor in 0.00 ms.
Mono: successfully reloaded assembly
- Completed reload, in  2.730 seconds
Platform modules already initialized, skipping
Refreshing native plugins compatible for Editor in 1.83 ms, found 1 plugins.
Preloading 0 native plugins for Editor in 0.00 ms.
Unloading 1531 Unused Serialized files (Serialized files now loaded: 0)
System memory in use before: 73.7 MB.
System memory in use after: 73.8 MB.

Unloading 8 unused Assets to reduce memory usage. Loaded Objects now: 2051.
Total: 5.852100 ms (FindLiveObjects: 0.603000 ms CreateObjectMapping: 0.097700 ms MarkObjects: 4.991700 ms  DeleteObjects: 0.155700 ms)

========================================================================
Received Import Request.
  Time since last request: 129.799998 seconds.
  path: Assets/Scenes/Init_Interface.unity
  artifactKey: Guid(9fc0d4010bbf28b4594072e72b8655ab) Importer(815301076,1909f56bfc062723c751e8b465ee728b)
Start importing Assets/Scenes/Init_Interface.unity using Guid(9fc0d4010bbf28b4594072e72b8655ab) Importer(815301076,1909f56bfc062723c751e8b465ee728b)  -> (artifact id: '9d2091d76270ebac6db5578c72ca9762') in 0.055325 seconds
  Import took 0.103926 seconds .

========================================================================
Received Prepare
Registering precompiled user dll's ...
Registered in 0.007640 seconds.
Begin MonoManager ReloadAssembly
Native extension for WindowsStandalone target not found
Refreshing native plugins compatible for Editor in 1.00 ms, found 1 plugins.
Preloading 0 native plugins for Editor in 0.00 ms.
Mono: successfully reloaded assembly
- Completed reload, in  3.343 seconds
Platform modules already initialized, skipping
Refreshing native plugins compatible for Editor in 1.56 ms, found 1 plugins.
Preloading 0 native plugins for Editor in 0.00 ms.
Unloading 1531 Unused Serialized files (Serialized files now loaded: 0)
System memory in use before: 73.7 MB.
System memory in use after: 73.8 MB.

Unloading 8 unused Assets to reduce memory usage. Loaded Objects now: 2055.
Total: 7.071300 ms (FindLiveObjects: 0.742500 ms CreateObjectMapping: 0.133300 ms MarkObjects: 6.034400 ms  DeleteObjects: 0.157900 ms)

========================================================================
Received Import Request.
  Time since last request: 181.169137 seconds.
  path: Assets/Scenes/Standalone.unity
  artifactKey: Guid(aff9aaf8d4c68984c9a5334437caafd0) Importer(815301076,1909f56bfc062723c751e8b465ee728b)
Start importing Assets/Scenes/Standalone.unity using Guid(aff9aaf8d4c68984c9a5334437caafd0) Importer(815301076,1909f56bfc062723c751e8b465ee728b)  -> (artifact id: '14410e9cd9b48faafacaf69a728c2ccf') in 0.080659 seconds
  Import took 0.136190 seconds .

========================================================================
Received Prepare
Registering precompiled user dll's ...
Registered in 0.002559 seconds.
Begin MonoManager ReloadAssembly
Native extension for WindowsStandalone target not found
Refreshing native plugins compatible for Editor in 1.66 ms, found 1 plugins.
Preloading 0 native plugins for Editor in 0.00 ms.
Mono: successfully reloaded assembly
- Completed reload, in  2.863 seconds
Platform modules already initialized, skipping
Refreshing native plugins compatible for Editor in 0.66 ms, found 1 plugins.
Preloading 0 native plugins for Editor in 0.00 ms.
Unloading 1531 Unused Serialized files (Serialized files now loaded: 0)
System memory in use before: 73.8 MB.
System memory in use after: 73.8 MB.

Unloading 8 unused Assets to reduce memory usage. Loaded Objects now: 2059.
Total: 9.108000 ms (FindLiveObjects: 1.503000 ms CreateObjectMapping: 2.753700 ms MarkObjects: 4.751300 ms  DeleteObjects: 0.097000 ms)

========================================================================
Received Prepare
Registering precompiled user dll's ...
Registered in 0.003941 seconds.
Begin MonoManager ReloadAssembly
Native extension for WindowsStandalone target not found
Refreshing native plugins compatible for Editor in 3.47 ms, found 1 plugins.
Preloading 0 native plugins for Editor in 0.00 ms.
Mono: successfully reloaded assembly
- Completed reload, in  4.507 seconds
Platform modules already initialized, skipping
Refreshing native plugins compatible for Editor in 1.77 ms, found 1 plugins.
Preloading 0 native plugins for Editor in 0.00 ms.
Unloading 1531 Unused Serialized files (Serialized files now loaded: 0)
System memory in use before: 73.7 MB.
System memory in use after: 73.8 MB.

Unloading 8 unused Assets to reduce memory usage. Loaded Objects now: 2063.
Total: 10.821200 ms (FindLiveObjects: 0.483000 ms CreateObjectMapping: 0.104100 ms MarkObjects: 10.045600 ms  DeleteObjects: 0.185500 ms)

========================================================================
Received Import Request.
  Time since last request: 1561.594675 seconds.
  path: Assets/Scenes/Standalone.unity
  artifactKey: Guid(aff9aaf8d4c68984c9a5334437caafd0) Importer(815301076,1909f56bfc062723c751e8b465ee728b)
Start importing Assets/Scenes/Standalone.unity using Guid(aff9aaf8d4c68984c9a5334437caafd0) Importer(815301076,1909f56bfc062723c751e8b465ee728b)  -> (artifact id: '936b8268b9b0ed184b63ec14aa1cbe4e') in 0.070682 seconds
  Import took 0.078988 seconds .

========================================================================
Received Prepare
Registering precompiled user dll's ...
Registered in 0.008895 seconds.
Begin MonoManager ReloadAssembly
Native extension for WindowsStandalone target not found
Refreshing native plugins compatible for Editor in 1.01 ms, found 1 plugins.
Preloading 0 native plugins for Editor in 0.00 ms.
Mono: successfully reloaded assembly
- Completed reload, in  3.345 seconds
Platform modules already initialized, skipping
Refreshing native plugins compatible for Editor in 1.12 ms, found 1 plugins.
Preloading 0 native plugins for Editor in 0.00 ms.
Unloading 1531 Unused Serialized files (Serialized files now loaded: 0)
System memory in use before: 73.7 MB.
System memory in use after: 73.8 MB.

Unloading 8 unused Assets to reduce memory usage. Loaded Objects now: 2067.
Total: 5.648500 ms (FindLiveObjects: 0.520200 ms CreateObjectMapping: 0.073600 ms MarkObjects: 4.891300 ms  DeleteObjects: 0.160200 ms)

========================================================================
Received Prepare
Registering precompiled user dll's ...
Registered in 0.003515 seconds.
Begin MonoManager ReloadAssembly
Native extension for WindowsStandalone target not found
Refreshing native plugins compatible for Editor in 1.44 ms, found 1 plugins.
Preloading 0 native plugins for Editor in 0.00 ms.
Mono: successfully reloaded assembly
- Completed reload, in  2.403 seconds
Platform modules already initialized, skipping
Refreshing native plugins compatible for Editor in 0.90 ms, found 1 plugins.
Preloading 0 native plugins for Editor in 0.00 ms.
Unloading 1531 Unused Serialized files (Serialized files now loaded: 0)
System memory in use before: 73.7 MB.
System memory in use after: 73.8 MB.

Unloading 8 unused Assets to reduce memory usage. Loaded Objects now: 2071.
Total: 3.061200 ms (FindLiveObjects: 0.337800 ms CreateObjectMapping: 0.088300 ms MarkObjects: 2.554300 ms  DeleteObjects: 0.079400 ms)

========================================================================
Received Import Request.
  Time since last request: 199.919069 seconds.
  path: Assets/AlpacaStudio_Menu_Template/Scripts/Menu_Controller.cs
  artifactKey: Guid(c8743df17e8a2d44cbcf9d605deee399) Importer(815301076,1909f56bfc062723c751e8b465ee728b)
Start importing Assets/AlpacaStudio_Menu_Template/Scripts/Menu_Controller.cs using Guid(c8743df17e8a2d44cbcf9d605deee399) Importer(815301076,1909f56bfc062723c751e8b465ee728b)  -> (artifact id: '1a3d5106f115b57fd0fa24b630f3d55a') in 0.056333 seconds
  Import took 0.070178 seconds .

========================================================================
Received Import Request.
  Time since last request: 0.019176 seconds.
  path: Assets/AlpacaStudio_Menu_Template/Scripts/Menu_Controller.cs
  artifactKey: Guid(c8743df17e8a2d44cbcf9d605deee399) Importer(815301076,1909f56bfc062723c751e8b465ee728b)
Start importing Assets/AlpacaStudio_Menu_Template/Scripts/Menu_Controller.cs using Guid(c8743df17e8a2d44cbcf9d605deee399) Importer(815301076,1909f56bfc062723c751e8b465ee728b)  -> (artifact id: '1a3d5106f115b57fd0fa24b630f3d55a') in 0.017017 seconds
  Import took 0.028606 seconds .

========================================================================
Received Import Request.
  Time since last request: 4.202171 seconds.
  path: Assets/AlpacaStudio_Menu_Template/Scripts/Sound_Controller.cs
  artifactKey: Guid(2b90e00cf84fc3b45a4fe76e3e2f5586) Importer(815301076,1909f56bfc062723c751e8b465ee728b)
Start importing Assets/AlpacaStudio_Menu_Template/Scripts/Sound_Controller.cs using Guid(2b90e00cf84fc3b45a4fe76e3e2f5586) Importer(815301076,1909f56bfc062723c751e8b465ee728b)  -> (artifact id: 'f7dcb11c7fd9291d2a27b1c6c1a0e13c') in 0.031505 seconds
  Import took 0.080915 seconds .

========================================================================
Received Import Request.
  Time since last request: 1.484298 seconds.
  path: Assets/AlpacaStudio_Menu_Template/Scripts/Music_Player.cs
  artifactKey: Guid(7b327cf93e7a2e047bcde3fd0b96fbeb) Importer(815301076,1909f56bfc062723c751e8b465ee728b)
Start importing Assets/AlpacaStudio_Menu_Template/Scripts/Music_Player.cs using Guid(7b327cf93e7a2e047bcde3fd0b96fbeb) Importer(815301076,1909f56bfc062723c751e8b465ee728b)  -> (artifact id: '387639962b432ae3f9246c9f838618b3') in 0.110692 seconds
  Import took 0.117909 seconds .

========================================================================
Received Import Request.
  Time since last request: 2.787234 seconds.
  path: Assets/AlpacaStudio_Menu_Template/Scripts/Escape_Menu.cs
  artifactKey: Guid(e4de0dd9198a9544bbe7db7ec88f5c73) Importer(815301076,1909f56bfc062723c751e8b465ee728b)
Start importing Assets/AlpacaStudio_Menu_Template/Scripts/Escape_Menu.cs using Guid(e4de0dd9198a9544bbe7db7ec88f5c73) Importer(815301076,1909f56bfc062723c751e8b465ee728b)  -> (artifact id: '4237bb2f467f8a7d047165030c502412') in 0.043628 seconds
  Import took 0.090367 seconds .

========================================================================
Received Import Request.
  Time since last request: 315.266902 seconds.
  path: Assets/Scenes/Level.unity
  artifactKey: Guid(039de377be33a8e4abd2689564b54e1d) Importer(815301076,1909f56bfc062723c751e8b465ee728b)
Start importing Assets/Scenes/Level.unity using Guid(039de377be33a8e4abd2689564b54e1d) Importer(815301076,1909f56bfc062723c751e8b465ee728b)  -> (artifact id: '23e1124a504dcc5ab00b03eab8310f21') in 0.075853 seconds
  Import took 0.084396 seconds .

========================================================================
Received Import Request.
  Time since last request: 166.090152 seconds.
  path: Assets/Scenes/Standalone.unity
  artifactKey: Guid(aff9aaf8d4c68984c9a5334437caafd0) Importer(815301076,1909f56bfc062723c751e8b465ee728b)
Start importing Assets/Scenes/Standalone.unity using Guid(aff9aaf8d4c68984c9a5334437caafd0) Importer(815301076,1909f56bfc062723c751e8b465ee728b)  -> (artifact id: 'ae4d07bcd4c6a70c3fdd04958c2f03d6') in 0.023608 seconds
  Import took 0.038564 seconds .

========================================================================
Received Prepare
Registering precompiled user dll's ...
Registered in 0.002667 seconds.
Begin MonoManager ReloadAssembly
Native extension for WindowsStandalone target not found
Refreshing native plugins compatible for Editor in 1.58 ms, found 1 plugins.
Preloading 0 native plugins for Editor in 0.00 ms.
Mono: successfully reloaded assembly
- Completed reload, in  2.136 seconds
Platform modules already initialized, skipping
Refreshing native plugins compatible for Editor in 0.97 ms, found 1 plugins.
Preloading 0 native plugins for Editor in 0.00 ms.
Unloading 1531 Unused Serialized files (Serialized files now loaded: 0)
System memory in use before: 73.8 MB.
System memory in use after: 73.8 MB.

Unloading 8 unused Assets to reduce memory usage. Loaded Objects now: 2075.
Total: 4.470700 ms (FindLiveObjects: 0.513100 ms CreateObjectMapping: 0.063100 ms MarkObjects: 3.752000 ms  DeleteObjects: 0.139600 ms)

========================================================================
Received Prepare
Registering precompiled user dll's ...
Registered in 0.003416 seconds.
Begin MonoManager ReloadAssembly
Native extension for WindowsStandalone target not found
Refreshing native plugins compatible for Editor in 0.90 ms, found 1 plugins.
Preloading 0 native plugins for Editor in 0.00 ms.
Mono: successfully reloaded assembly
- Completed reload, in  2.117 seconds
Platform modules already initialized, skipping
Refreshing native plugins compatible for Editor in 1.15 ms, found 1 plugins.
Preloading 0 native plugins for Editor in 0.00 ms.
Unloading 1531 Unused Serialized files (Serialized files now loaded: 0)
System memory in use before: 73.8 MB.
System memory in use after: 73.9 MB.

Unloading 8 unused Assets to reduce memory usage. Loaded Objects now: 2079.
Total: 5.945800 ms (FindLiveObjects: 0.631600 ms CreateObjectMapping: 0.159500 ms MarkObjects: 4.896300 ms  DeleteObjects: 0.255100 ms)

========================================================================
Received Prepare
Registering precompiled user dll's ...
Registered in 0.002023 seconds.
Begin MonoManager ReloadAssembly
Native extension for WindowsStandalone target not found
Refreshing native plugins compatible for Editor in 1.06 ms, found 1 plugins.
Preloading 0 native plugins for Editor in 0.00 ms.
Mono: successfully reloaded assembly
- Completed reload, in  2.380 seconds
Platform modules already initialized, skipping
Refreshing native plugins compatible for Editor in 1.28 ms, found 1 plugins.
Preloading 0 native plugins for Editor in 0.00 ms.
Unloading 1531 Unused Serialized files (Serialized files now loaded: 0)
System memory in use before: 73.8 MB.
System memory in use after: 73.9 MB.

Unloading 8 unused Assets to reduce memory usage. Loaded Objects now: 2083.
Total: 5.140700 ms (FindLiveObjects: 0.701800 ms CreateObjectMapping: 0.085600 ms MarkObjects: 4.208300 ms  DeleteObjects: 0.141700 ms)

========================================================================
Received Prepare
Registering precompiled user dll's ...
Registered in 0.003391 seconds.
Begin MonoManager ReloadAssembly
Native extension for WindowsStandalone target not found
Refreshing native plugins compatible for Editor in 0.82 ms, found 1 plugins.
Preloading 0 native plugins for Editor in 0.00 ms.
Mono: successfully reloaded assembly
- Completed reload, in  6.791 seconds
Platform modules already initialized, skipping
Refreshing native plugins compatible for Editor in 1.56 ms, found 1 plugins.
Preloading 0 native plugins for Editor in 0.00 ms.
Unloading 1531 Unused Serialized files (Serialized files now loaded: 0)
System memory in use before: 73.8 MB.
System memory in use after: 73.9 MB.

Unloading 8 unused Assets to reduce memory usage. Loaded Objects now: 2087.
Total: 6.164400 ms (FindLiveObjects: 1.373100 ms CreateObjectMapping: 0.238200 ms MarkObjects: 4.404700 ms  DeleteObjects: 0.141800 ms)

========================================================================
Received Import Request.
  Time since last request: 890.189321 seconds.
  path: Assets/Plugins/LeapMotion/Core/Textures/PluginLeapNotice.png
  artifactKey: Guid(d9f2440b0c0a7447b8409e9ff6041121) Importer(815301076,1909f56bfc062723c751e8b465ee728b)
Start importing Assets/Plugins/LeapMotion/Core/Textures/PluginLeapNotice.png using Guid(d9f2440b0c0a7447b8409e9ff6041121) Importer(815301076,1909f56bfc062723c751e8b465ee728b)  -> (artifact id: '62ccf86795cedba68eb364279d68ae6e') in 0.258347 seconds
  Import took 0.267581 seconds .

========================================================================
Received Import Request.
  Time since last request: 0.000353 seconds.
  path: Assets/Plugins/LeapMotion/Core/Textures/PluginLeapNoticeLarge.png
  artifactKey: Guid(918ef998a98bae948af70ab937ec93c1) Importer(815301076,1909f56bfc062723c751e8b465ee728b)
Start importing Assets/Plugins/LeapMotion/Core/Textures/PluginLeapNoticeLarge.png using Guid(918ef998a98bae948af70ab937ec93c1) Importer(815301076,1909f56bfc062723c751e8b465ee728b)  -> (artifact id: '3f56806b654ced375e88d951955c814b') in 0.094608 seconds
  Import took 0.098564 seconds .

========================================================================
Received Import Request.
  Time since last request: 735.820016 seconds.
  path: Assets/Scenes/Tutorial_Uno.unity
  artifactKey: Guid(039de377be33a8e4abd2689564b54e1d) Importer(815301076,1909f56bfc062723c751e8b465ee728b)
Start importing Assets/Scenes/Tutorial_Uno.unity using Guid(039de377be33a8e4abd2689564b54e1d) Importer(815301076,1909f56bfc062723c751e8b465ee728b)  -> (artifact id: 'c2599333d3b523c68d9106bdd28a29b4') in 0.032438 seconds
  Import took 0.039403 seconds .

========================================================================
Received Import Request.
  Time since last request: 5.160140 seconds.
  path: Assets/Scenes/Standalone.unity
  artifactKey: Guid(aff9aaf8d4c68984c9a5334437caafd0) Importer(815301076,1909f56bfc062723c751e8b465ee728b)
Start importing Assets/Scenes/Standalone.unity using Guid(aff9aaf8d4c68984c9a5334437caafd0) Importer(815301076,1909f56bfc062723c751e8b465ee728b)  -> (artifact id: '5f4321f1f3cc558ee99b70136a10c60f') in 0.015425 seconds
  Import took 0.034354 seconds .

========================================================================
Received Import Request.
  Time since last request: 10.966439 seconds.
  path: Assets/Scenes/Inicio.unity
  artifactKey: Guid(aff9aaf8d4c68984c9a5334437caafd0) Importer(815301076,1909f56bfc062723c751e8b465ee728b)
Start importing Assets/Scenes/Inicio.unity using Guid(aff9aaf8d4c68984c9a5334437caafd0) Importer(815301076,1909f56bfc062723c751e8b465ee728b)  -> (artifact id: '5a969b06efc3d5252bf69884a535dd1d') in 0.024953 seconds
  Import took 0.033495 seconds .

========================================================================
Received Prepare
Registering precompiled user dll's ...
Registered in 0.002970 seconds.
Begin MonoManager ReloadAssembly
Native extension for WindowsStandalone target not found
Refreshing native plugins compatible for Editor in 1.00 ms, found 1 plugins.
Preloading 0 native plugins for Editor in 0.00 ms.
Mono: successfully reloaded assembly
- Completed reload, in  3.021 seconds
Platform modules already initialized, skipping
Refreshing native plugins compatible for Editor in 0.56 ms, found 1 plugins.
Preloading 0 native plugins for Editor in 0.00 ms.
Unloading 1531 Unused Serialized files (Serialized files now loaded: 0)
System memory in use before: 73.8 MB.
System memory in use after: 73.9 MB.

Unloading 8 unused Assets to reduce memory usage. Loaded Objects now: 2094.
Total: 3.436100 ms (FindLiveObjects: 0.387200 ms CreateObjectMapping: 0.080400 ms MarkObjects: 2.878700 ms  DeleteObjects: 0.087200 ms)

========================================================================
Received Import Request.
  Time since last request: 752.055775 seconds.
  path: Assets/Scenes/Tutorial_Uno.unity
  artifactKey: Guid(039de377be33a8e4abd2689564b54e1d) Importer(815301076,1909f56bfc062723c751e8b465ee728b)
Start importing Assets/Scenes/Tutorial_Uno.unity using Guid(039de377be33a8e4abd2689564b54e1d) Importer(815301076,1909f56bfc062723c751e8b465ee728b)  -> (artifact id: 'ba2fa4c2f51427d930c919745717065e') in 0.063361 seconds
  Import took 0.081573 seconds .

========================================================================
Received Import Request.
  Time since last request: 284.267980 seconds.
  path: Assets/Icons
  artifactKey: Guid(133921a2205725b44ab6f31bc00ef290) Importer(815301076,1909f56bfc062723c751e8b465ee728b)
Start importing Assets/Icons using Guid(133921a2205725b44ab6f31bc00ef290) Importer(815301076,1909f56bfc062723c751e8b465ee728b)  -> (artifact id: '35f340534d0b845185a73d46bd06c4bb') in 0.031102 seconds
  Import took 0.040336 seconds .

========================================================================
Received Import Request.
  Time since last request: 6.760088 seconds.
  path: Assets/Icons/exercise.png
  artifactKey: Guid(2d0a9ddbb930e3941978e7e56188ad37) Importer(815301076,1909f56bfc062723c751e8b465ee728b)
Start importing Assets/Icons/exercise.png using Guid(2d0a9ddbb930e3941978e7e56188ad37) Importer(815301076,1909f56bfc062723c751e8b465ee728b)  -> (artifact id: '6cdd876ecef29f8af73c7e41501f3d4b') in 0.110195 seconds
  Import took 0.117540 seconds .

========================================================================
Received Prepare
Registering precompiled user dll's ...
Registered in 0.001627 seconds.
Begin MonoManager ReloadAssembly
Native extension for WindowsStandalone target not found
Refreshing native plugins compatible for Editor in 0.70 ms, found 1 plugins.
Preloading 0 native plugins for Editor in 0.00 ms.
Mono: successfully reloaded assembly
- Completed reload, in  4.067 seconds
Platform modules already initialized, skipping
Refreshing native plugins compatible for Editor in 0.60 ms, found 1 plugins.
Preloading 0 native plugins for Editor in 0.00 ms.
Unloading 1531 Unused Serialized files (Serialized files now loaded: 0)
System memory in use before: 73.8 MB.
System memory in use after: 73.9 MB.

Unloading 8 unused Assets to reduce memory usage. Loaded Objects now: 2101.
Total: 14.773300 ms (FindLiveObjects: 2.151400 ms CreateObjectMapping: 0.241800 ms MarkObjects: 12.234300 ms  DeleteObjects: 0.143100 ms)

========================================================================
Received Import Request.
  Time since last request: 191.310689 seconds.
  path: Assets/Icons/ejercicio.png
  artifactKey: Guid(820ddd41b8a0140469aee7472a279251) Importer(815301076,1909f56bfc062723c751e8b465ee728b)
Start importing Assets/Icons/ejercicio.png using Guid(820ddd41b8a0140469aee7472a279251) Importer(815301076,1909f56bfc062723c751e8b465ee728b)  -> (artifact id: '54ce922befdae0c1e27cb93b83af232d') in 0.116766 seconds
  Import took 0.120958 seconds .

========================================================================
Received Prepare
Registering precompiled user dll's ...
Registered in 0.001608 seconds.
Begin MonoManager ReloadAssembly
Native extension for WindowsStandalone target not found
Refreshing native plugins compatible for Editor in 0.58 ms, found 1 plugins.
Preloading 0 native plugins for Editor in 0.00 ms.
Mono: successfully reloaded assembly
- Completed reload, in  2.980 seconds
Platform modules already initialized, skipping
Refreshing native plugins compatible for Editor in 0.51 ms, found 1 plugins.
Preloading 0 native plugins for Editor in 0.00 ms.
Unloading 1531 Unused Serialized files (Serialized files now loaded: 0)
System memory in use before: 73.8 MB.
System memory in use after: 73.9 MB.

Unloading 8 unused Assets to reduce memory usage. Loaded Objects now: 2106.
Total: 3.394800 ms (FindLiveObjects: 0.447600 ms CreateObjectMapping: 0.117900 ms MarkObjects: 2.737800 ms  DeleteObjects: 0.089200 ms)

========================================================================
Received Prepare
Registering precompiled user dll's ...
Registered in 0.002006 seconds.
Begin MonoManager ReloadAssembly
Native extension for WindowsStandalone target not found
Refreshing native plugins compatible for Editor in 0.60 ms, found 1 plugins.
Preloading 0 native plugins for Editor in 0.00 ms.
Mono: successfully reloaded assembly
- Completed reload, in  1.890 seconds
Platform modules already initialized, skipping
Refreshing native plugins compatible for Editor in 3.80 ms, found 1 plugins.
Preloading 0 native plugins for Editor in 0.00 ms.
Unloading 1531 Unused Serialized files (Serialized files now loaded: 0)
System memory in use before: 73.9 MB.
System memory in use after: 73.9 MB.

Unloading 8 unused Assets to reduce memory usage. Loaded Objects now: 2110.
Total: 5.286100 ms (FindLiveObjects: 1.170600 ms CreateObjectMapping: 0.316800 ms MarkObjects: 3.712600 ms  DeleteObjects: 0.083600 ms)

========================================================================
Received Import Request.
  Time since last request: 286.481303 seconds.
  path: Assets/Icons/ejercicio 1.png
  artifactKey: Guid(d3e4de31deb72084b9c62deaa25b9b3e) Importer(815301076,1909f56bfc062723c751e8b465ee728b)
Start importing Assets/Icons/ejercicio 1.png using Guid(d3e4de31deb72084b9c62deaa25b9b3e) Importer(815301076,1909f56bfc062723c751e8b465ee728b)  -> (artifact id: '128f45e6f02d6ef7617596b812e7555b') in 0.129417 seconds
  Import took 0.135029 seconds .

========================================================================
Received Prepare
Registering precompiled user dll's ...
Registered in 0.002629 seconds.
Begin MonoManager ReloadAssembly
Native extension for WindowsStandalone target not found
Refreshing native plugins compatible for Editor in 0.79 ms, found 1 plugins.
Preloading 0 native plugins for Editor in 0.00 ms.
Mono: successfully reloaded assembly
- Completed reload, in  4.328 seconds
Platform modules already initialized, skipping
Refreshing native plugins compatible for Editor in 0.69 ms, found 1 plugins.
Preloading 0 native plugins for Editor in 0.00 ms.
Unloading 1531 Unused Serialized files (Serialized files now loaded: 0)
System memory in use before: 73.9 MB.
System memory in use after: 74.0 MB.

Unloading 8 unused Assets to reduce memory usage. Loaded Objects now: 2115.
Total: 4.183500 ms (FindLiveObjects: 0.623700 ms CreateObjectMapping: 0.220800 ms MarkObjects: 3.236700 ms  DeleteObjects: 0.100100 ms)

========================================================================
Received Import Request.
  Time since last request: 466.266507 seconds.
  path: Assets/Scenes/Inicio.unity
  artifactKey: Guid(aff9aaf8d4c68984c9a5334437caafd0) Importer(815301076,1909f56bfc062723c751e8b465ee728b)
Start importing Assets/Scenes/Inicio.unity using Guid(aff9aaf8d4c68984c9a5334437caafd0) Importer(815301076,1909f56bfc062723c751e8b465ee728b)  -> (artifact id: 'f8adeb29faba55680d7147b20c2a119e') in 0.045690 seconds
  Import took 0.057069 seconds .

========================================================================
Received Import Request.
  Time since last request: 638.725048 seconds.
  path: Assets/Scenes/Tutorial_Uno.unity
  artifactKey: Guid(039de377be33a8e4abd2689564b54e1d) Importer(815301076,1909f56bfc062723c751e8b465ee728b)
Start importing Assets/Scenes/Tutorial_Uno.unity using Guid(039de377be33a8e4abd2689564b54e1d) Importer(815301076,1909f56bfc062723c751e8b465ee728b)  -> (artifact id: 'd672c035b9b36e401221d408a9863344') in 0.024882 seconds
  Import took 0.033547 seconds .

========================================================================
Received Import Request.
  Time since last request: 609.950046 seconds.
  path: Assets/Icons/mano1.png
  artifactKey: Guid(f3276f2b9a70f3346b339c31e4a08caa) Importer(815301076,1909f56bfc062723c751e8b465ee728b)
Start importing Assets/Icons/mano1.png using Guid(f3276f2b9a70f3346b339c31e4a08caa) Importer(815301076,1909f56bfc062723c751e8b465ee728b)  -> (artifact id: 'f05e6d4d7862fd5b7082f6ca507b22f5') in 0.116930 seconds
  Import took 0.123108 seconds .

========================================================================
Received Import Request.
  Time since last request: 16.431585 seconds.
  path: Assets/Icons/grupo_pelotas1.png
  artifactKey: Guid(98a4ca43d02dbea4ba870f1b2321a7d1) Importer(815301076,1909f56bfc062723c751e8b465ee728b)
Start importing Assets/Icons/grupo_pelotas1.png using Guid(98a4ca43d02dbea4ba870f1b2321a7d1) Importer(815301076,1909f56bfc062723c751e8b465ee728b)  -> (artifact id: '8bae02e1c683e40b5a8ccf812fcc90c4') in 0.049779 seconds
  Import took 0.055666 seconds .

========================================================================
Received Prepare
Registering precompiled user dll's ...
Registered in 0.002576 seconds.
Begin MonoManager ReloadAssembly
Native extension for WindowsStandalone target not found
Refreshing native plugins compatible for Editor in 0.53 ms, found 1 plugins.
Preloading 0 native plugins for Editor in 0.00 ms.
Mono: successfully reloaded assembly
- Completed reload, in  1.422 seconds
Platform modules already initialized, skipping
Refreshing native plugins compatible for Editor in 1.01 ms, found 1 plugins.
Preloading 0 native plugins for Editor in 0.00 ms.
Unloading 1531 Unused Serialized files (Serialized files now loaded: 0)
System memory in use before: 73.9 MB.
System memory in use after: 74.0 MB.

Unloading 8 unused Assets to reduce memory usage. Loaded Objects now: 2120.
Total: 3.156100 ms (FindLiveObjects: 0.381900 ms CreateObjectMapping: 0.123300 ms MarkObjects: 2.558000 ms  DeleteObjects: 0.091400 ms)

========================================================================
Received Prepare
Registering precompiled user dll's ...
Registered in 0.001575 seconds.
Begin MonoManager ReloadAssembly
Native extension for WindowsStandalone target not found
Refreshing native plugins compatible for Editor in 0.55 ms, found 1 plugins.
Preloading 0 native plugins for Editor in 0.00 ms.
Mono: successfully reloaded assembly
- Completed reload, in  1.566 seconds
Platform modules already initialized, skipping
Refreshing native plugins compatible for Editor in 0.58 ms, found 1 plugins.
Preloading 0 native plugins for Editor in 0.00 ms.
Unloading 1531 Unused Serialized files (Serialized files now loaded: 0)
System memory in use before: 73.9 MB.
System memory in use after: 74.0 MB.

Unloading 8 unused Assets to reduce memory usage. Loaded Objects now: 2124.
Total: 3.790200 ms (FindLiveObjects: 0.380600 ms CreateObjectMapping: 0.085700 ms MarkObjects: 3.198600 ms  DeleteObjects: 0.122900 ms)

========================================================================
Received Import Request.
  Time since last request: 961.056146 seconds.
  path: Assets/Icons/mano2.png
  artifactKey: Guid(29d8bbbf2a2e4f548a1177c933673cce) Importer(815301076,1909f56bfc062723c751e8b465ee728b)
Start importing Assets/Icons/mano2.png using Guid(29d8bbbf2a2e4f548a1177c933673cce) Importer(815301076,1909f56bfc062723c751e8b465ee728b)  -> (artifact id: 'fa7893e55b3a77bc0aa02071f9d0c392') in 0.127090 seconds
  Import took 0.137696 seconds .

========================================================================
Received Import Request.
  Time since last request: 6.973678 seconds.
  path: Assets/Icons/grupo_pelotas2.png
  artifactKey: Guid(3cedd5bef6001054fac397136b9f60f0) Importer(815301076,1909f56bfc062723c751e8b465ee728b)
Start importing Assets/Icons/grupo_pelotas2.png using Guid(3cedd5bef6001054fac397136b9f60f0) Importer(815301076,1909f56bfc062723c751e8b465ee728b)  -> (artifact id: '6774c68c4e53345ea290f2992c244c1d') in 0.064038 seconds
  Import took 0.071604 seconds .

========================================================================
Received Prepare
Registering precompiled user dll's ...
Registered in 0.006196 seconds.
Begin MonoManager ReloadAssembly
Native extension for WindowsStandalone target not found
Refreshing native plugins compatible for Editor in 0.65 ms, found 1 plugins.
Preloading 0 native plugins for Editor in 0.00 ms.
Mono: successfully reloaded assembly
- Completed reload, in  1.743 seconds
Platform modules already initialized, skipping
Refreshing native plugins compatible for Editor in 0.93 ms, found 1 plugins.
Preloading 0 native plugins for Editor in 0.00 ms.
Unloading 1531 Unused Serialized files (Serialized files now loaded: 0)
System memory in use before: 73.9 MB.
System memory in use after: 74.0 MB.

Unloading 8 unused Assets to reduce memory usage. Loaded Objects now: 2129.
Total: 6.132300 ms (FindLiveObjects: 1.258100 ms CreateObjectMapping: 0.268200 ms MarkObjects: 4.507000 ms  DeleteObjects: 0.096400 ms)

========================================================================
Received Import Request.
  Time since last request: 812.078255 seconds.
  path: Assets/Icons/canasta.png
  artifactKey: Guid(00880d6f051c6b44a8c85d3060e65f2a) Importer(815301076,1909f56bfc062723c751e8b465ee728b)
Start importing Assets/Icons/canasta.png using Guid(00880d6f051c6b44a8c85d3060e65f2a) Importer(815301076,1909f56bfc062723c751e8b465ee728b)  -> (artifact id: 'cb412bea838214a119e8825f6f5b1d63') in 0.129435 seconds
  Import took 0.136445 seconds .

========================================================================
Received Import Request.
  Time since last request: 215.182967 seconds.
  path: Assets/Scenes/Tutorial_Uno.unity
  artifactKey: Guid(039de377be33a8e4abd2689564b54e1d) Importer(815301076,1909f56bfc062723c751e8b465ee728b)
Start importing Assets/Scenes/Tutorial_Uno.unity using Guid(039de377be33a8e4abd2689564b54e1d) Importer(815301076,1909f56bfc062723c751e8b465ee728b)  -> (artifact id: '6059ab4129b95b416638cba5c8d07f37') in 0.023558 seconds
  Import took 0.032153 seconds .

========================================================================
Received Import Request.
  Time since last request: 41.430281 seconds.
  path: Assets/Scenes/Tutorial_Uno.unity
  artifactKey: Guid(039de377be33a8e4abd2689564b54e1d) Importer(815301076,1909f56bfc062723c751e8b465ee728b)
Start importing Assets/Scenes/Tutorial_Uno.unity using Guid(039de377be33a8e4abd2689564b54e1d) Importer(815301076,1909f56bfc062723c751e8b465ee728b)  -> (artifact id: 'ae1dd2fa87e82bc4b3ae21b1a224f2d2') in 0.022457 seconds
  Import took 0.035837 seconds .

========================================================================
Received Import Request.
  Time since last request: 6.162728 seconds.
  path: Assets/Scenes/Inicio.unity
  artifactKey: Guid(aff9aaf8d4c68984c9a5334437caafd0) Importer(815301076,1909f56bfc062723c751e8b465ee728b)
Start importing Assets/Scenes/Inicio.unity using Guid(aff9aaf8d4c68984c9a5334437caafd0) Importer(815301076,1909f56bfc062723c751e8b465ee728b)  -> (artifact id: 'd1a80edbed0c59b9525bcd41e562d2b8') in 0.021426 seconds
  Import took 0.030252 seconds .

========================================================================
Received Prepare
Registering precompiled user dll's ...
Registered in 0.001542 seconds.
Begin MonoManager ReloadAssembly
Native extension for WindowsStandalone target not found
Refreshing native plugins compatible for Editor in 0.60 ms, found 1 plugins.
Preloading 0 native plugins for Editor in 0.00 ms.
Mono: successfully reloaded assembly
- Completed reload, in  1.487 seconds
Platform modules already initialized, skipping
Refreshing native plugins compatible for Editor in 0.56 ms, found 1 plugins.
Preloading 0 native plugins for Editor in 0.00 ms.
Unloading 1531 Unused Serialized files (Serialized files now loaded: 0)
System memory in use before: 74.0 MB.
System memory in use after: 74.0 MB.

Unloading 8 unused Assets to reduce memory usage. Loaded Objects now: 2134.
Total: 5.071400 ms (FindLiveObjects: 0.438100 ms CreateObjectMapping: 0.189800 ms MarkObjects: 4.336500 ms  DeleteObjects: 0.103600 ms)

========================================================================
Received Import Request.
  Time since last request: 199.321745 seconds.
  path: Assets/Scenes/Tutorial_Uno.unity
  artifactKey: Guid(039de377be33a8e4abd2689564b54e1d) Importer(815301076,1909f56bfc062723c751e8b465ee728b)
Start importing Assets/Scenes/Tutorial_Uno.unity using Guid(039de377be33a8e4abd2689564b54e1d) Importer(815301076,1909f56bfc062723c751e8b465ee728b)  -> (artifact id: '7495be13b070350245415e488f3cc510') in 0.033431 seconds
  Import took 0.046046 seconds .

========================================================================
Received Import Request.
  Time since last request: 30.237599 seconds.
  path: Assets/AlpacaStudio_Menu_Template/Audio/202309__7778__button-3.mp3
  artifactKey: Guid(8c3bb00127444c243b4fd6ea295a7d6f) Importer(815301076,1909f56bfc062723c751e8b465ee728b)
Start importing Assets/AlpacaStudio_Menu_Template/Audio/202309__7778__button-3.mp3 using Guid(8c3bb00127444c243b4fd6ea295a7d6f) Importer(815301076,1909f56bfc062723c751e8b465ee728b)  -> (artifact id: 'e42db7d7dc69131ffbf8c485920692ff') in 0.130561 seconds
  Import took 0.136104 seconds .

========================================================================
Received Import Request.
  Time since last request: 0.000275 seconds.
  path: Assets/AlpacaStudio_Menu_Template/Audio/238069__shuinvy__childhoodmusicboxhalf.mp3
  artifactKey: Guid(81a073c32b2377e4d88a16a31d15f298) Importer(815301076,1909f56bfc062723c751e8b465ee728b)
Start importing Assets/AlpacaStudio_Menu_Template/Audio/238069__shuinvy__childhoodmusicboxhalf.mp3 using Guid(81a073c32b2377e4d88a16a31d15f298) Importer(815301076,1909f56bfc062723c751e8b465ee728b)  -> (artifact id: '4076690527955e7615ce34fd408a1ca6') in 0.046974 seconds
  Import took 0.051245 seconds .

========================================================================
Received Import Request.
  Time since last request: 212.129378 seconds.
  path: Assets/Scenes/Tutorial_Uno.unity
  artifactKey: Guid(039de377be33a8e4abd2689564b54e1d) Importer(815301076,1909f56bfc062723c751e8b465ee728b)
Start importing Assets/Scenes/Tutorial_Uno.unity using Guid(039de377be33a8e4abd2689564b54e1d) Importer(815301076,1909f56bfc062723c751e8b465ee728b)  -> (artifact id: '54f562ad5da661dedcf2fee9346b576a') in 0.023129 seconds
  Import took 0.030359 seconds .

========================================================================
Received Import Request.
  Time since last request: 121.240868 seconds.
  path: Assets/Scenes/Tutorial_Uno.unity
  artifactKey: Guid(039de377be33a8e4abd2689564b54e1d) Importer(815301076,1909f56bfc062723c751e8b465ee728b)
Start importing Assets/Scenes/Tutorial_Uno.unity using Guid(039de377be33a8e4abd2689564b54e1d) Importer(815301076,1909f56bfc062723c751e8b465ee728b)  -> (artifact id: '92a08e2c1bf1080575e6cf02101754c1') in 0.018662 seconds
  Import took 0.025006 seconds .

========================================================================
Received Import Request.
  Time since last request: 234.492257 seconds.
  path: Assets/Scenes/Nivel_Uno.unity
  artifactKey: Guid(e97e5c56326797c41be5a618cde4727a) Importer(815301076,1909f56bfc062723c751e8b465ee728b)
Start importing Assets/Scenes/Nivel_Uno.unity using Guid(e97e5c56326797c41be5a618cde4727a) Importer(815301076,1909f56bfc062723c751e8b465ee728b)  -> (artifact id: '7b518eb49ad5a8de98d3ec328b5829ce') in 0.023922 seconds
  Import took 0.031012 seconds .

========================================================================
Received Import Request.
  Time since last request: 248.048054 seconds.
  path: Assets/Scenes/Tutorial_Uno.unity
  artifactKey: Guid(039de377be33a8e4abd2689564b54e1d) Importer(815301076,1909f56bfc062723c751e8b465ee728b)
Start importing Assets/Scenes/Tutorial_Uno.unity using Guid(039de377be33a8e4abd2689564b54e1d) Importer(815301076,1909f56bfc062723c751e8b465ee728b)  -> (artifact id: '101df9be2f13b7d3ab181fc749e15d54') in 0.017186 seconds
  Import took 0.023975 seconds .

========================================================================
Received Prepare
Registering precompiled user dll's ...
Registered in 0.002114 seconds.
Begin MonoManager ReloadAssembly
Native extension for WindowsStandalone target not found
Refreshing native plugins compatible for Editor in 0.64 ms, found 1 plugins.
Preloading 0 native plugins for Editor in 0.00 ms.
Mono: successfully reloaded assembly
- Completed reload, in  1.565 seconds
Platform modules already initialized, skipping
Refreshing native plugins compatible for Editor in 0.67 ms, found 1 plugins.
Preloading 0 native plugins for Editor in 0.00 ms.
Unloading 1531 Unused Serialized files (Serialized files now loaded: 0)
System memory in use before: 74.0 MB.
System memory in use after: 74.1 MB.

Unloading 8 unused Assets to reduce memory usage. Loaded Objects now: 2141.
Total: 3.724600 ms (FindLiveObjects: 0.387400 ms CreateObjectMapping: 0.085600 ms MarkObjects: 3.156500 ms  DeleteObjects: 0.092400 ms)

========================================================================
Received Import Request.
  Time since last request: 65.052658 seconds.
  path: Assets/Scenes/Inicio.unity
  artifactKey: Guid(aff9aaf8d4c68984c9a5334437caafd0) Importer(815301076,1909f56bfc062723c751e8b465ee728b)
Start importing Assets/Scenes/Inicio.unity using Guid(aff9aaf8d4c68984c9a5334437caafd0) Importer(815301076,1909f56bfc062723c751e8b465ee728b)  -> (artifact id: '76c29742f4abcb568e5454ac138ee0e5') in 0.037338 seconds
  Import took 0.043699 seconds .

========================================================================
Received Import Request.
  Time since last request: 8.841935 seconds.
  path: Assets/Scenes/Tutorial_Uno.unity
  artifactKey: Guid(039de377be33a8e4abd2689564b54e1d) Importer(815301076,1909f56bfc062723c751e8b465ee728b)
Start importing Assets/Scenes/Tutorial_Uno.unity using Guid(039de377be33a8e4abd2689564b54e1d) Importer(815301076,1909f56bfc062723c751e8b465ee728b)  -> (artifact id: '101f557e1fa86b6e78f4598fac136f88') in 0.050546 seconds
  Import took 0.061334 seconds .

========================================================================
Received Prepare
Registering precompiled user dll's ...
Registered in 0.005811 seconds.
Begin MonoManager ReloadAssembly
Native extension for WindowsStandalone target not found
Refreshing native plugins compatible for Editor in 0.72 ms, found 1 plugins.
Preloading 0 native plugins for Editor in 0.00 ms.
Mono: successfully reloaded assembly
- Completed reload, in  5.637 seconds
Platform modules already initialized, skipping
Refreshing native plugins compatible for Editor in 0.86 ms, found 1 plugins.
Preloading 0 native plugins for Editor in 0.00 ms.
Unloading 1531 Unused Serialized files (Serialized files now loaded: 0)
System memory in use before: 74.0 MB.
System memory in use after: 74.1 MB.

Unloading 8 unused Assets to reduce memory usage. Loaded Objects now: 2145.
Total: 16.450200 ms (FindLiveObjects: 0.676200 ms CreateObjectMapping: 2.881000 ms MarkObjects: 12.737700 ms  DeleteObjects: 0.150700 ms)

========================================================================
Received Import Request.
  Time since last request: 853.048015 seconds.
  path: Assets/Icons/Leap_Motion.png
  artifactKey: Guid(870aaab504d8597448a58ed6839e2537) Importer(815301076,1909f56bfc062723c751e8b465ee728b)
Start importing Assets/Icons/Leap_Motion.png using Guid(870aaab504d8597448a58ed6839e2537) Importer(815301076,1909f56bfc062723c751e8b465ee728b)  -> (artifact id: '8cd0d18d90973b245064e0ca18525e60') in 0.155838 seconds
  Import took 0.160509 seconds .

========================================================================
Received Import Request.
  Time since last request: 1055.754458 seconds.
  path: Assets/Scenes/Inicio.unity
  artifactKey: Guid(aff9aaf8d4c68984c9a5334437caafd0) Importer(815301076,1909f56bfc062723c751e8b465ee728b)
Start importing Assets/Scenes/Inicio.unity using Guid(aff9aaf8d4c68984c9a5334437caafd0) Importer(815301076,1909f56bfc062723c751e8b465ee728b)  -> (artifact id: 'b2f09aa43f30729e5ca56b79279c5bc7') in 0.027540 seconds
  Import took 0.037060 seconds .

========================================================================
Received Prepare
Registering precompiled user dll's ...
Registered in 0.003509 seconds.
Begin MonoManager ReloadAssembly
Native extension for WindowsStandalone target not found
Refreshing native plugins compatible for Editor in 0.53 ms, found 1 plugins.
Preloading 0 native plugins for Editor in 0.00 ms.
Mono: successfully reloaded assembly
- Completed reload, in  1.996 seconds
Platform modules already initialized, skipping
Refreshing native plugins compatible for Editor in 1.29 ms, found 1 plugins.
Preloading 0 native plugins for Editor in 0.00 ms.
Unloading 1531 Unused Serialized files (Serialized files now loaded: 0)
System memory in use before: 74.1 MB.
System memory in use after: 74.2 MB.

Unloading 8 unused Assets to reduce memory usage. Loaded Objects now: 2152.
Total: 9.670000 ms (FindLiveObjects: 0.913800 ms CreateObjectMapping: 0.519700 ms MarkObjects: 8.087300 ms  DeleteObjects: 0.146500 ms)

========================================================================
Received Prepare
Registering precompiled user dll's ...
Registered in 0.004744 seconds.
Begin MonoManager ReloadAssembly
Native extension for WindowsStandalone target not found
Refreshing native plugins compatible for Editor in 0.60 ms, found 1 plugins.
Preloading 0 native plugins for Editor in 0.00 ms.
Mono: successfully reloaded assembly
- Completed reload, in  1.922 seconds
Platform modules already initialized, skipping
Refreshing native plugins compatible for Editor in 0.67 ms, found 1 plugins.
Preloading 0 native plugins for Editor in 0.00 ms.
Unloading 1531 Unused Serialized files (Serialized files now loaded: 0)
System memory in use before: 74.1 MB.
System memory in use after: 74.2 MB.

Unloading 8 unused Assets to reduce memory usage. Loaded Objects now: 2156.
Total: 9.424200 ms (FindLiveObjects: 0.491300 ms CreateObjectMapping: 0.851000 ms MarkObjects: 7.975000 ms  DeleteObjects: 0.104200 ms)

========================================================================
Received Import Request.
  Time since last request: 992.467537 seconds.
  path: Assets/Scenes/Inicio.unity
  artifactKey: Guid(aff9aaf8d4c68984c9a5334437caafd0) Importer(815301076,1909f56bfc062723c751e8b465ee728b)
Start importing Assets/Scenes/Inicio.unity using Guid(aff9aaf8d4c68984c9a5334437caafd0) Importer(815301076,1909f56bfc062723c751e8b465ee728b)  -> (artifact id: '41b70dae3a394aa5119e07047c45661c') in 0.045632 seconds
  Import took 0.050797 seconds .

========================================================================
Received Prepare
Registering precompiled user dll's ...
Registered in 0.002943 seconds.
Begin MonoManager ReloadAssembly
Native extension for WindowsStandalone target not found
Refreshing native plugins compatible for Editor in 0.87 ms, found 1 plugins.
Preloading 0 native plugins for Editor in 0.00 ms.
Mono: successfully reloaded assembly
- Completed reload, in  3.761 seconds
Platform modules already initialized, skipping
Refreshing native plugins compatible for Editor in 0.83 ms, found 1 plugins.
Preloading 0 native plugins for Editor in 0.00 ms.
Unloading 1531 Unused Serialized files (Serialized files now loaded: 0)
System memory in use before: 74.1 MB.
System memory in use after: 74.2 MB.

Unloading 8 unused Assets to reduce memory usage. Loaded Objects now: 2160.
Total: 5.623400 ms (FindLiveObjects: 0.784800 ms CreateObjectMapping: 0.130700 ms MarkObjects: 4.488000 ms  DeleteObjects: 0.216900 ms)

AssetImportWorkerClient::OnTransportError - code=2 error=End of file
