Using pre-set license
Built from '2020.3/staging' branch; Version is '2020.3.4f1 (0abb6314276a) revision 703331'; Using compiler version '192528614'; Build Type 'Release'
OS: 'Windows 10 Home Single Language; OS build 19042.1348; Version 2009; 64bit' Language: 'es' Physical Memory: 10116 MB
BatchMode: 1, IsHumanControllingUs: 0, StartBugReporterOnCrash: 0, Is64bit: 1, IsPro: 0

 COMMAND LINE ARGUMENTS:
C:\Program Files\Unity\Hub\Editor\2020.3.4f1\Editor\Unity.exe
-adb2
-batchMode
-noUpm
-name
AssetImportWorker0
-projectPath
C:/Users/Daniel/LeapTest
-logFile
Logs/AssetImportWorker0.log
-srvPort
52460
Successfully changed project path to: C:/Users/Daniel/LeapTest
C:/Users/Daniel/LeapTest
Using Asset Import Pipeline V2.
Refreshing native plugins compatible for Editor in 131.91 ms, found 1 plugins.
Preloading 0 native plugins for Editor in 0.00 ms.
Initialize engine version: 2020.3.4f1 (0abb6314276a)
[Subsystems] Discovering subsystems at path C:/Program Files/Unity/Hub/Editor/2020.3.4f1/Editor/Data/Resources/UnitySubsystems
[Subsystems] Discovering subsystems at path C:/Users/Daniel/LeapTest/Assets
GfxDevice: creating device client; threaded=0
Direct3D:
    Version:  Direct3D 11.0 [level 11.1]
    Renderer: AMD Radeon(TM) Graphics (ID=0x15d8)
    Vendor:   
    VRAM:     5058 MB
    Driver:   27.20.11028.10001
Initialize mono
Mono path[0] = 'C:/Program Files/Unity/Hub/Editor/2020.3.4f1/Editor/Data/Managed'
Mono path[1] = 'C:/Program Files/Unity/Hub/Editor/2020.3.4f1/Editor/Data/MonoBleedingEdge/lib/mono/unityjit'
Mono config path = 'C:/Program Files/Unity/Hub/Editor/2020.3.4f1/Editor/Data/MonoBleedingEdge/etc'
Using monoOptions --debugger-agent=transport=dt_socket,embedding=1,server=y,suspend=n,address=127.0.0.1:56224
Begin MonoManager ReloadAssembly
Registering precompiled unity dll's ...
Register platform support module: C:/Program Files/Unity/Hub/Editor/2020.3.4f1/Editor/Data/PlaybackEngines/WindowsStandaloneSupport/UnityEditor.WindowsStandalone.Extensions.dll
Registered in 0.003347 seconds.
Native extension for WindowsStandalone target not found
Refreshing native plugins compatible for Editor in 80.46 ms, found 1 plugins.
Preloading 0 native plugins for Editor in 0.00 ms.
Mono: successfully reloaded assembly
- Completed reload, in  3.350 seconds
Platform modules already initialized, skipping
Registering precompiled user dll's ...
Registered in 0.002081 seconds.
Begin MonoManager ReloadAssembly
Native extension for WindowsStandalone target not found
Refreshing native plugins compatible for Editor in 0.58 ms, found 1 plugins.
Preloading 0 native plugins for Editor in 0.00 ms.
Mono: successfully reloaded assembly
- Completed reload, in  1.908 seconds
Platform modules already initialized, skipping
========================================================================
Worker process is ready to serve import requests
Launched and connected shader compiler UnityShaderCompiler.exe after 0.11 seconds
Refreshing native plugins compatible for Editor in 0.61 ms, found 1 plugins.
Preloading 0 native plugins for Editor in 0.00 ms.
Unloading 1543 Unused Serialized files (Serialized files now loaded: 0)
System memory in use before: 72.6 MB.
System memory in use after: 72.7 MB.

Unloading 13 unused Assets to reduce memory usage. Loaded Objects now: 1986.
Total: 4.378600 ms (FindLiveObjects: 1.175100 ms CreateObjectMapping: 0.260200 ms MarkObjects: 2.797600 ms  DeleteObjects: 0.142900 ms)

========================================================================
Received Import Request.
  path: Assets/Scenes/Inicio.unity
  artifactKey: Guid(aff9aaf8d4c68984c9a5334437caafd0) Importer(815301076,1909f56bfc062723c751e8b465ee728b)
Start importing Assets/Scenes/Inicio.unity using Guid(aff9aaf8d4c68984c9a5334437caafd0) Importer(815301076,1909f56bfc062723c751e8b465ee728b)  -> (artifact id: '53d5a047cc4dc7ada6ea435539cb7de0') in 0.039052 seconds
  Import took 0.045537 seconds .

========================================================================
Received Import Request.
  Time since last request: 0.143109 seconds.
  path: Assets/Scenes/Tutorial_Uno.unity
  artifactKey: Guid(039de377be33a8e4abd2689564b54e1d) Importer(815301076,1909f56bfc062723c751e8b465ee728b)
Start importing Assets/Scenes/Tutorial_Uno.unity using Guid(039de377be33a8e4abd2689564b54e1d) Importer(815301076,1909f56bfc062723c751e8b465ee728b)  -> (artifact id: '101f557e1fa86b6e78f4598fac136f88') in 0.021986 seconds
  Import took 0.028816 seconds .

========================================================================
Received Import Request.
  Time since last request: 9.098630 seconds.
  path: Assets/Scenes/Monedas.unity
  artifactKey: Guid(fc6421b838123694a84f5f3323730b4c) Importer(815301076,1909f56bfc062723c751e8b465ee728b)
Start importing Assets/Scenes/Monedas.unity using Guid(fc6421b838123694a84f5f3323730b4c) Importer(815301076,1909f56bfc062723c751e8b465ee728b)  -> (artifact id: 'b82a67a918445d834f4eca39254875cc') in 0.025266 seconds
  Import took 0.036216 seconds .

========================================================================
Received Prepare
Registering precompiled user dll's ...
Registered in 0.134417 seconds.
Begin MonoManager ReloadAssembly
Native extension for WindowsStandalone target not found
Refreshing native plugins compatible for Editor in 2.23 ms, found 1 plugins.
Preloading 0 native plugins for Editor in 0.00 ms.
Mono: successfully reloaded assembly
- Completed reload, in 11.680 seconds
Platform modules already initialized, skipping
Refreshing native plugins compatible for Editor in 0.76 ms, found 1 plugins.
Preloading 0 native plugins for Editor in 0.00 ms.
Unloading 1531 Unused Serialized files (Serialized files now loaded: 0)
System memory in use before: 71.6 MB.
System memory in use after: 71.7 MB.

Unloading 8 unused Assets to reduce memory usage. Loaded Objects now: 1990.
Total: 39.413700 ms (FindLiveObjects: 16.059800 ms CreateObjectMapping: 2.320300 ms MarkObjects: 20.874200 ms  DeleteObjects: 0.155900 ms)

========================================================================
Received Prepare
Registering precompiled user dll's ...
Registered in 0.009271 seconds.
Begin MonoManager ReloadAssembly
Native extension for WindowsStandalone target not found
Refreshing native plugins compatible for Editor in 0.58 ms, found 1 plugins.
Preloading 0 native plugins for Editor in 0.00 ms.
Mono: successfully reloaded assembly
- Completed reload, in  5.043 seconds
Platform modules already initialized, skipping
Refreshing native plugins compatible for Editor in 1.71 ms, found 1 plugins.
Preloading 0 native plugins for Editor in 0.00 ms.
Unloading 1531 Unused Serialized files (Serialized files now loaded: 0)
System memory in use before: 71.7 MB.
System memory in use after: 71.7 MB.

Unloading 8 unused Assets to reduce memory usage. Loaded Objects now: 1994.
Total: 4.856900 ms (FindLiveObjects: 0.562100 ms CreateObjectMapping: 0.131300 ms MarkObjects: 4.070400 ms  DeleteObjects: 0.090800 ms)

========================================================================
Received Prepare
Registering precompiled user dll's ...
Registered in 0.001729 seconds.
Begin MonoManager ReloadAssembly
Native extension for WindowsStandalone target not found
Refreshing native plugins compatible for Editor in 0.74 ms, found 1 plugins.
Preloading 0 native plugins for Editor in 0.00 ms.
Mono: successfully reloaded assembly
- Completed reload, in  1.715 seconds
Platform modules already initialized, skipping
Refreshing native plugins compatible for Editor in 0.74 ms, found 1 plugins.
Preloading 0 native plugins for Editor in 0.00 ms.
Unloading 1531 Unused Serialized files (Serialized files now loaded: 0)
System memory in use before: 71.7 MB.
System memory in use after: 71.8 MB.

Unloading 8 unused Assets to reduce memory usage. Loaded Objects now: 1998.
Total: 3.887800 ms (FindLiveObjects: 0.409500 ms CreateObjectMapping: 0.118700 ms MarkObjects: 3.267700 ms  DeleteObjects: 0.089500 ms)

========================================================================
Received Import Request.
  Time since last request: 1050.790534 seconds.
  path: Assets/Scenes/Tazos.unity
  artifactKey: Guid(27ac454cb393b644ab1e1524ac2906ce) Importer(815301076,1909f56bfc062723c751e8b465ee728b)
Start importing Assets/Scenes/Tazos.unity using Guid(27ac454cb393b644ab1e1524ac2906ce) Importer(815301076,1909f56bfc062723c751e8b465ee728b)  -> (artifact id: 'ec10ab54a83706517ce2de184c5d2883') in 0.039958 seconds
  Import took 0.045233 seconds .

========================================================================
Received Prepare
Registering precompiled user dll's ...
Registered in 0.002099 seconds.
Begin MonoManager ReloadAssembly
Native extension for WindowsStandalone target not found
Refreshing native plugins compatible for Editor in 0.53 ms, found 1 plugins.
Preloading 0 native plugins for Editor in 0.00 ms.
Mono: successfully reloaded assembly
- Completed reload, in  1.913 seconds
Platform modules already initialized, skipping
Refreshing native plugins compatible for Editor in 0.50 ms, found 1 plugins.
Preloading 0 native plugins for Editor in 0.00 ms.
Unloading 1531 Unused Serialized files (Serialized files now loaded: 0)
System memory in use before: 71.7 MB.
System memory in use after: 71.8 MB.

Unloading 8 unused Assets to reduce memory usage. Loaded Objects now: 2002.
Total: 4.358600 ms (FindLiveObjects: 0.763000 ms CreateObjectMapping: 0.313700 ms MarkObjects: 3.194000 ms  DeleteObjects: 0.084400 ms)

========================================================================
Received Prepare
Registering precompiled user dll's ...
Registered in 0.002824 seconds.
Begin MonoManager ReloadAssembly
Native extension for WindowsStandalone target not found
Refreshing native plugins compatible for Editor in 0.63 ms, found 1 plugins.
Preloading 0 native plugins for Editor in 0.00 ms.
Mono: successfully reloaded assembly
- Completed reload, in  2.863 seconds
Platform modules already initialized, skipping
Refreshing native plugins compatible for Editor in 0.66 ms, found 1 plugins.
Preloading 0 native plugins for Editor in 0.00 ms.
Unloading 1531 Unused Serialized files (Serialized files now loaded: 0)
System memory in use before: 71.7 MB.
System memory in use after: 71.8 MB.

Unloading 8 unused Assets to reduce memory usage. Loaded Objects now: 2006.
Total: 4.070200 ms (FindLiveObjects: 0.364700 ms CreateObjectMapping: 0.338400 ms MarkObjects: 3.270800 ms  DeleteObjects: 0.093800 ms)

========================================================================
Received Import Request.
  Time since last request: 281.376392 seconds.
  path: Assets/AlpacaStudio_Menu_Template/Fonts/Lemon-Regular.ttf
  artifactKey: Guid(6fd9f74f13d3d5b42b08bbb1be66f936) Importer(815301076,1909f56bfc062723c751e8b465ee728b)
Start importing Assets/AlpacaStudio_Menu_Template/Fonts/Lemon-Regular.ttf using Guid(6fd9f74f13d3d5b42b08bbb1be66f936) Importer(815301076,1909f56bfc062723c751e8b465ee728b)  -> (artifact id: '550099975fad961400831f818045afdf') in 0.765068 seconds
  Import took 0.775180 seconds .

========================================================================
Received Prepare
Registering precompiled user dll's ...
Registered in 0.001764 seconds.
Begin MonoManager ReloadAssembly
Native extension for WindowsStandalone target not found
Refreshing native plugins compatible for Editor in 0.58 ms, found 1 plugins.
Preloading 0 native plugins for Editor in 0.00 ms.
Mono: successfully reloaded assembly
- Completed reload, in  1.735 seconds
Platform modules already initialized, skipping
Refreshing native plugins compatible for Editor in 0.92 ms, found 1 plugins.
Preloading 0 native plugins for Editor in 0.00 ms.
Unloading 1531 Unused Serialized files (Serialized files now loaded: 0)
System memory in use before: 75.1 MB.
System memory in use after: 75.2 MB.

Unloading 8 unused Assets to reduce memory usage. Loaded Objects now: 2054.
Total: 3.703600 ms (FindLiveObjects: 0.513500 ms CreateObjectMapping: 0.093300 ms MarkObjects: 2.916800 ms  DeleteObjects: 0.177300 ms)

========================================================================
Received Prepare
Registering precompiled user dll's ...
Registered in 0.001597 seconds.
Begin MonoManager ReloadAssembly
Native extension for WindowsStandalone target not found
Refreshing native plugins compatible for Editor in 0.80 ms, found 1 plugins.
Preloading 0 native plugins for Editor in 0.00 ms.
Mono: successfully reloaded assembly
- Completed reload, in  1.464 seconds
Platform modules already initialized, skipping
Refreshing native plugins compatible for Editor in 0.51 ms, found 1 plugins.
Preloading 0 native plugins for Editor in 0.00 ms.
Unloading 1531 Unused Serialized files (Serialized files now loaded: 0)
System memory in use before: 75.1 MB.
System memory in use after: 75.2 MB.

Unloading 8 unused Assets to reduce memory usage. Loaded Objects now: 2058.
Total: 3.158600 ms (FindLiveObjects: 0.387000 ms CreateObjectMapping: 0.086900 ms MarkObjects: 2.593500 ms  DeleteObjects: 0.089700 ms)

========================================================================
Received Import Request.
  Time since last request: 990.778188 seconds.
  path: Assets/Icons
  artifactKey: Guid(133921a2205725b44ab6f31bc00ef290) Importer(815301076,1909f56bfc062723c751e8b465ee728b)
Start importing Assets/Icons using Guid(133921a2205725b44ab6f31bc00ef290) Importer(815301076,1909f56bfc062723c751e8b465ee728b)  -> (artifact id: '35f340534d0b845185a73d46bd06c4bb') in 0.044077 seconds
  Import took 0.057637 seconds .

========================================================================
Received Import Request.
  Time since last request: 0.851839 seconds.
  path: Assets/Models
  artifactKey: Guid(c5182c7998281e84289f8128cc246553) Importer(815301076,1909f56bfc062723c751e8b465ee728b)
Start importing Assets/Models using Guid(c5182c7998281e84289f8128cc246553) Importer(815301076,1909f56bfc062723c751e8b465ee728b)  -> (artifact id: '59efc67cfb85bca9cf3141a37a73c896') in 0.029669 seconds
  Import took 0.036553 seconds .

========================================================================
Received Import Request.
  Time since last request: 0.941468 seconds.
  path: Assets/Scenes
  artifactKey: Guid(aa022131c5871084b89fccd09abebe5b) Importer(815301076,1909f56bfc062723c751e8b465ee728b)
Start importing Assets/Scenes using Guid(aa022131c5871084b89fccd09abebe5b) Importer(815301076,1909f56bfc062723c751e8b465ee728b)  -> (artifact id: '0307e678e0e142eef35608b6bd3c986b') in 0.031899 seconds
  Import took 0.042486 seconds .

========================================================================
Received Import Request.
  Time since last request: 0.980260 seconds.
  path: Assets/XR
  artifactKey: Guid(47287b50733f59644961f5fd030b12bd) Importer(815301076,1909f56bfc062723c751e8b465ee728b)
Start importing Assets/XR using Guid(47287b50733f59644961f5fd030b12bd) Importer(815301076,1909f56bfc062723c751e8b465ee728b)  -> (artifact id: '695bbc3386d1411b6dae0f5c8efd08c1') in 0.043526 seconds
  Import took 0.048980 seconds .

========================================================================
Received Import Request.
  Time since last request: 0.445065 seconds.
  path: Assets/Textures
  artifactKey: Guid(1f28fbcb3bed35f4a87f04214a735bf9) Importer(815301076,1909f56bfc062723c751e8b465ee728b)
Start importing Assets/Textures using Guid(1f28fbcb3bed35f4a87f04214a735bf9) Importer(815301076,1909f56bfc062723c751e8b465ee728b)  -> (artifact id: 'd289a273c6b7afa9bad8705f120b2cd3') in 0.027295 seconds
  Import took 0.034467 seconds .

========================================================================
Received Import Request.
  Time since last request: 283.267872 seconds.
  path: Assets/Scenes/Tutorial_tazos.unity
  artifactKey: Guid(3885e52e8e4f40b418bdc8fe6de13a58) Importer(815301076,1909f56bfc062723c751e8b465ee728b)
Start importing Assets/Scenes/Tutorial_tazos.unity using Guid(3885e52e8e4f40b418bdc8fe6de13a58) Importer(815301076,1909f56bfc062723c751e8b465ee728b)  -> (artifact id: 'd58b73faeb2d587f8b25e669a1a0f8e8') in 0.053544 seconds
  Import took 0.059417 seconds .

========================================================================
Received Import Request.
  Time since last request: 1.230050 seconds.
  path: Assets/Scenes/Tutorial_monedas.unity
  artifactKey: Guid(1d35777b05a736544a8b2ee6ab151cbd) Importer(815301076,1909f56bfc062723c751e8b465ee728b)
Start importing Assets/Scenes/Tutorial_monedas.unity using Guid(1d35777b05a736544a8b2ee6ab151cbd) Importer(815301076,1909f56bfc062723c751e8b465ee728b)  -> (artifact id: '31b6dc83652eaf1105c6263b67293c84') in 0.034728 seconds
  Import took 0.044744 seconds .

========================================================================
Received Prepare
Registering precompiled user dll's ...
Registered in 0.003026 seconds.
Begin MonoManager ReloadAssembly
Native extension for WindowsStandalone target not found
Refreshing native plugins compatible for Editor in 0.67 ms, found 1 plugins.
Preloading 0 native plugins for Editor in 0.00 ms.
Mono: successfully reloaded assembly
- Completed reload, in  1.465 seconds
Platform modules already initialized, skipping
Refreshing native plugins compatible for Editor in 0.88 ms, found 1 plugins.
Preloading 0 native plugins for Editor in 0.00 ms.
Unloading 1531 Unused Serialized files (Serialized files now loaded: 0)
System memory in use before: 75.2 MB.
System memory in use after: 75.2 MB.

Unloading 8 unused Assets to reduce memory usage. Loaded Objects now: 2062.
Total: 10.525300 ms (FindLiveObjects: 0.449700 ms CreateObjectMapping: 1.934100 ms MarkObjects: 7.981200 ms  DeleteObjects: 0.156700 ms)

========================================================================
Received Import Request.
  Time since last request: 138.142833 seconds.
  path: Assets/Scenes/Nivel_Uno.unity
  artifactKey: Guid(e97e5c56326797c41be5a618cde4727a) Importer(815301076,1909f56bfc062723c751e8b465ee728b)
Start importing Assets/Scenes/Nivel_Uno.unity using Guid(e97e5c56326797c41be5a618cde4727a) Importer(815301076,1909f56bfc062723c751e8b465ee728b)  -> (artifact id: '2a25caa633823316991bd6738e4033b3') in 0.051816 seconds
  Import took 0.062855 seconds .

========================================================================
Received Import Request.
  Time since last request: 8.918099 seconds.
  path: Assets/Scenes/Tazos.unity
  artifactKey: Guid(27ac454cb393b644ab1e1524ac2906ce) Importer(815301076,1909f56bfc062723c751e8b465ee728b)
Start importing Assets/Scenes/Tazos.unity using Guid(27ac454cb393b644ab1e1524ac2906ce) Importer(815301076,1909f56bfc062723c751e8b465ee728b)  -> (artifact id: '1fe6d6effe3bcda3e826714bebe723b7') in 0.021226 seconds
  Import took 0.029080 seconds .

========================================================================
Received Import Request.
  Time since last request: 255.406135 seconds.
  path: Assets/Textures/unnamed.jpg
  artifactKey: Guid(47befabbc84091a46bf0800ff3d5618c) Importer(815301076,1909f56bfc062723c751e8b465ee728b)
Start importing Assets/Textures/unnamed.jpg using Guid(47befabbc84091a46bf0800ff3d5618c) Importer(815301076,1909f56bfc062723c751e8b465ee728b)  -> (artifact id: '8c66acebfa3e6759c893e30696e710a0') in 0.200451 seconds
  Import took 0.205965 seconds .

========================================================================
Received Import Request.
  Time since last request: 0.000256 seconds.
  path: Assets/AlpacaStudio_Menu_Template/ImageAssets/YourLogoHere.png
  artifactKey: Guid(188c96b8039beb94bbf58eef0677f82a) Importer(815301076,1909f56bfc062723c751e8b465ee728b)
Start importing Assets/AlpacaStudio_Menu_Template/ImageAssets/YourLogoHere.png using Guid(188c96b8039beb94bbf58eef0677f82a) Importer(815301076,1909f56bfc062723c751e8b465ee728b)  -> (artifact id: '45477098ba520f15b3580c6a7750c942') in 0.038495 seconds
  Import took 0.044056 seconds .

========================================================================
Received Import Request.
  Time since last request: 1.922289 seconds.
  path: Assets/Textures/textura-de-madera_1280x720_2927.jpg
  artifactKey: Guid(ff4d10a6a9a9e2f428733f13f188bec9) Importer(815301076,1909f56bfc062723c751e8b465ee728b)
Start importing Assets/Textures/textura-de-madera_1280x720_2927.jpg using Guid(ff4d10a6a9a9e2f428733f13f188bec9) Importer(815301076,1909f56bfc062723c751e8b465ee728b)  -> (artifact id: '2281484c71ac2e3fbf93490b04bb39f1') in 0.072767 seconds
  Import took 0.083424 seconds .

========================================================================
Received Import Request.
  Time since last request: 0.000752 seconds.
  path: Assets/Textures/trianguloTangram.png
  artifactKey: Guid(5ca77fc0f1ccd03419578cbec1e5830f) Importer(815301076,1909f56bfc062723c751e8b465ee728b)
Start importing Assets/Textures/trianguloTangram.png using Guid(5ca77fc0f1ccd03419578cbec1e5830f) Importer(815301076,1909f56bfc062723c751e8b465ee728b)  -> (artifact id: '0f0179a04acdb8bf82c8bec40f67a8f0') in 0.093614 seconds
  Import took 0.101136 seconds .

========================================================================
Received Import Request.
  Time since last request: 0.321873 seconds.
  path: Assets/Textures/tazoAzul.png
  artifactKey: Guid(8ca23ec5d1f057e4d801cae9d4909143) Importer(815301076,1909f56bfc062723c751e8b465ee728b)
Start importing Assets/Textures/tazoAzul.png using Guid(8ca23ec5d1f057e4d801cae9d4909143) Importer(815301076,1909f56bfc062723c751e8b465ee728b)  -> (artifact id: '02eb8ef4e5ab8716695fa0cd4b59676e') in 0.027547 seconds
  Import took 0.033529 seconds .

========================================================================
Received Import Request.
  Time since last request: 0.001228 seconds.
  path: Assets/Textures/tazoRojo.png
  artifactKey: Guid(8ac74979f85b7a641933c3c66a2d2c7b) Importer(815301076,1909f56bfc062723c751e8b465ee728b)
Start importing Assets/Textures/tazoRojo.png using Guid(8ac74979f85b7a641933c3c66a2d2c7b) Importer(815301076,1909f56bfc062723c751e8b465ee728b)  -> (artifact id: 'caa767b97114678a3ff13dbc5e0c7d06') in 0.037149 seconds
  Import took 0.044663 seconds .

========================================================================
Received Import Request.
  Time since last request: 0.689026 seconds.
  path: Assets/Textures/tangram-pl-2.jpg
  artifactKey: Guid(c01d2cb512626014ba36f1f1f63fe458) Importer(815301076,1909f56bfc062723c751e8b465ee728b)
Start importing Assets/Textures/tangram-pl-2.jpg using Guid(c01d2cb512626014ba36f1f1f63fe458) Importer(815301076,1909f56bfc062723c751e8b465ee728b)  -> (artifact id: 'c8fd951cd79edff8eeb0dbdf73dc6985') in 0.032852 seconds
  Import took 0.038634 seconds .

========================================================================
Received Import Request.
  Time since last request: 0.000454 seconds.
  path: Assets/Textures/tangramDesarmado.png
  artifactKey: Guid(c18c9644552e3b147888714b745bc820) Importer(815301076,1909f56bfc062723c751e8b465ee728b)
Start importing Assets/Textures/tangramDesarmado.png using Guid(c18c9644552e3b147888714b745bc820) Importer(815301076,1909f56bfc062723c751e8b465ee728b)  -> (artifact id: '4af355b35c769d044e6599070e665ac7') in 0.035021 seconds
  Import took 0.042691 seconds .

========================================================================
Received Import Request.
  Time since last request: 0.991754 seconds.
  path: Assets/Textures/tangram (1).png
  artifactKey: Guid(e10d4eb4c67138f42843f67612e6ccdc) Importer(815301076,1909f56bfc062723c751e8b465ee728b)
Start importing Assets/Textures/tangram (1).png using Guid(e10d4eb4c67138f42843f67612e6ccdc) Importer(815301076,1909f56bfc062723c751e8b465ee728b)  -> (artifact id: 'd2a6a31a74a000f547f3507bf6cfff49') in 0.022938 seconds
  Import took 0.029031 seconds .

========================================================================
Received Import Request.
  Time since last request: 0.000326 seconds.
  path: Assets/AlpacaStudio_Menu_Template/ImageAssets/Rounded_Button.png
  artifactKey: Guid(f61e0a70a33ddb14d9b279347b1366db) Importer(815301076,1909f56bfc062723c751e8b465ee728b)
Start importing Assets/AlpacaStudio_Menu_Template/ImageAssets/Rounded_Button.png using Guid(f61e0a70a33ddb14d9b279347b1366db) Importer(815301076,1909f56bfc062723c751e8b465ee728b)  -> (artifact id: 'e975ce5cb1ab3c632e578f8a351de138') in 0.030132 seconds
  Import took 0.037250 seconds .

========================================================================
Received Import Request.
  Time since last request: 0.000265 seconds.
  path: Assets/Textures/tangram.png
  artifactKey: Guid(062d87060931095408496836532cdd5e) Importer(815301076,1909f56bfc062723c751e8b465ee728b)
Start importing Assets/Textures/tangram.png using Guid(062d87060931095408496836532cdd5e) Importer(815301076,1909f56bfc062723c751e8b465ee728b)  -> (artifact id: '932d6f6f85d265d7f4b542cfd93c4a60') in 0.045582 seconds
  Import took 0.055326 seconds .

========================================================================
Received Import Request.
  Time since last request: 0.000643 seconds.
  path: Assets/Textures/tangram-definitivo.png
  artifactKey: Guid(01dc88e59e200fe45b9f9d966cbf52ed) Importer(815301076,1909f56bfc062723c751e8b465ee728b)
Start importing Assets/Textures/tangram-definitivo.png using Guid(01dc88e59e200fe45b9f9d966cbf52ed) Importer(815301076,1909f56bfc062723c751e8b465ee728b)  -> (artifact id: '22bab365fbfb2621c5502173f169fc47') in 0.069900 seconds
  Import took 0.079944 seconds .

========================================================================
Received Import Request.
  Time since last request: 0.145276 seconds.
  path: Assets/Textures/right-arrow (1).png
  artifactKey: Guid(c177f7b71d244674cbc8aa6285f7dd84) Importer(815301076,1909f56bfc062723c751e8b465ee728b)
Start importing Assets/Textures/right-arrow (1).png using Guid(c177f7b71d244674cbc8aa6285f7dd84) Importer(815301076,1909f56bfc062723c751e8b465ee728b)  -> (artifact id: '42d1ff303687ec55ed54cc5c2af0765d') in 0.066650 seconds
  Import took 0.079090 seconds .

========================================================================
Received Import Request.
  Time since last request: 480.815904 seconds.
  path: Assets/Scenes/Tazos.unity
  artifactKey: Guid(27ac454cb393b644ab1e1524ac2906ce) Importer(815301076,1909f56bfc062723c751e8b465ee728b)
Start importing Assets/Scenes/Tazos.unity using Guid(27ac454cb393b644ab1e1524ac2906ce) Importer(815301076,1909f56bfc062723c751e8b465ee728b)  -> (artifact id: '4d55930bae48243e48b2acc115d0400d') in 0.037735 seconds
  Import took 0.047088 seconds .

========================================================================
Received Import Request.
  Time since last request: 23.933776 seconds.
  path: Assets/Scenes/Tutorial_Uno.unity
  artifactKey: Guid(039de377be33a8e4abd2689564b54e1d) Importer(815301076,1909f56bfc062723c751e8b465ee728b)
Start importing Assets/Scenes/Tutorial_Uno.unity using Guid(039de377be33a8e4abd2689564b54e1d) Importer(815301076,1909f56bfc062723c751e8b465ee728b)  -> (artifact id: '4b1a1213c97a5287b44de7059c716286') in 0.014154 seconds
  Import took 0.023400 seconds .

========================================================================
Received Import Request.
  Time since last request: 251.321344 seconds.
  path: Assets/Textures/plantillaTangram.png
  artifactKey: Guid(5ccbbdd746ea19b41bc9b95b557b9abf) Importer(815301076,1909f56bfc062723c751e8b465ee728b)
Start importing Assets/Textures/plantillaTangram.png using Guid(5ccbbdd746ea19b41bc9b95b557b9abf) Importer(815301076,1909f56bfc062723c751e8b465ee728b)  -> (artifact id: 'fc7bfa9c4148ee40100d2f04253bc214') in 0.041724 seconds
  Import took 0.049596 seconds .

========================================================================
Received Import Request.
  Time since last request: 0.000388 seconds.
  path: Assets/AlpacaStudio_Menu_Template/ImageAssets/Menu_Background.png
  artifactKey: Guid(81689118786cf124b9301b1d140ff220) Importer(815301076,1909f56bfc062723c751e8b465ee728b)
Start importing Assets/AlpacaStudio_Menu_Template/ImageAssets/Menu_Background.png using Guid(81689118786cf124b9301b1d140ff220) Importer(815301076,1909f56bfc062723c751e8b465ee728b)  -> (artifact id: 'bdf8f52df2eefdab28cb351ccfe291c4') in 0.043797 seconds
  Import took 0.051322 seconds .

========================================================================
Received Import Request.
  Time since last request: 0.000627 seconds.
  path: Assets/Textures/mesaPequena.png
  artifactKey: Guid(7cc30982d98d9bf4a92ab34577c6b99f) Importer(815301076,1909f56bfc062723c751e8b465ee728b)
Start importing Assets/Textures/mesaPequena.png using Guid(7cc30982d98d9bf4a92ab34577c6b99f) Importer(815301076,1909f56bfc062723c751e8b465ee728b)  -> (artifact id: 'd3d4210cbb1a2bbeee4a5d4d821f64c1') in 0.038890 seconds
  Import took 0.048040 seconds .

========================================================================
Received Import Request.
  Time since last request: 0.248115 seconds.
  path: Assets/Textures/manoFlechaFinal.png
  artifactKey: Guid(0b28d7b011e387d49877a7e835fc7af6) Importer(815301076,1909f56bfc062723c751e8b465ee728b)
Start importing Assets/Textures/manoFlechaFinal.png using Guid(0b28d7b011e387d49877a7e835fc7af6) Importer(815301076,1909f56bfc062723c751e8b465ee728b)  -> (artifact id: '7139301a580df25051d729f3ffcb97b6') in 0.051746 seconds
  Import took 0.063574 seconds .

========================================================================
Received Import Request.
  Time since last request: 0.000536 seconds.
  path: Assets/Textures/manoNoFlechaFinal.png
  artifactKey: Guid(b45f1480b2c42ac4181b109868824817) Importer(815301076,1909f56bfc062723c751e8b465ee728b)
Start importing Assets/Textures/manoNoFlechaFinal.png using Guid(b45f1480b2c42ac4181b109868824817) Importer(815301076,1909f56bfc062723c751e8b465ee728b)  -> (artifact id: '8cfbc20c583863d627616fc9787c16e7') in 0.058868 seconds
  Import took 0.065748 seconds .

========================================================================
Received Import Request.
  Time since last request: 0.101829 seconds.
  path: Assets/Icons/Leap_Motion.png
  artifactKey: Guid(870aaab504d8597448a58ed6839e2537) Importer(815301076,1909f56bfc062723c751e8b465ee728b)
Start importing Assets/Icons/Leap_Motion.png using Guid(870aaab504d8597448a58ed6839e2537) Importer(815301076,1909f56bfc062723c751e8b465ee728b)  -> (artifact id: '9ff3636be0ec982d30e60127b730a3cd') in 0.032270 seconds
  Import took 0.036643 seconds .

========================================================================
Received Import Request.
  Time since last request: 0.000280 seconds.
  path: Assets/Icons/mano2.png
  artifactKey: Guid(29d8bbbf2a2e4f548a1177c933673cce) Importer(815301076,1909f56bfc062723c751e8b465ee728b)
Start importing Assets/Icons/mano2.png using Guid(29d8bbbf2a2e4f548a1177c933673cce) Importer(815301076,1909f56bfc062723c751e8b465ee728b)  -> (artifact id: 'c2bac8f54a303d3f2632b4c863c13d95') in 0.032982 seconds
  Import took 0.038882 seconds .

========================================================================
Received Import Request.
  Time since last request: 0.000411 seconds.
  path: Assets/Textures/manoBlanca.png
  artifactKey: Guid(3e2cf6e018defd54b80f9d0740d586e6) Importer(815301076,1909f56bfc062723c751e8b465ee728b)
Start importing Assets/Textures/manoBlanca.png using Guid(3e2cf6e018defd54b80f9d0740d586e6) Importer(815301076,1909f56bfc062723c751e8b465ee728b)  -> (artifact id: 'ba541db2abbd9b6749e9737e3c2299c8') in 0.043573 seconds
  Import took 0.051923 seconds .

========================================================================
Received Import Request.
  Time since last request: 0.001892 seconds.
  path: Assets/Icons/mano1.png
  artifactKey: Guid(f3276f2b9a70f3346b339c31e4a08caa) Importer(815301076,1909f56bfc062723c751e8b465ee728b)
Start importing Assets/Icons/mano1.png using Guid(f3276f2b9a70f3346b339c31e4a08caa) Importer(815301076,1909f56bfc062723c751e8b465ee728b)  -> (artifact id: '52ad385cf3fe2afa75bd47f082670c5c') in 0.050662 seconds
  Import took 0.058357 seconds .

========================================================================
Received Import Request.
  Time since last request: 0.095043 seconds.
  path: Assets/AlpacaStudio_Menu_Template/ImageAssets/Half_Button_R.png
  artifactKey: Guid(4bff87bdcc64efd4e8931bc7efe8c05a) Importer(815301076,1909f56bfc062723c751e8b465ee728b)
Start importing Assets/AlpacaStudio_Menu_Template/ImageAssets/Half_Button_R.png using Guid(4bff87bdcc64efd4e8931bc7efe8c05a) Importer(815301076,1909f56bfc062723c751e8b465ee728b)  -> (artifact id: '75e61e470ae2d702ec186e981458e0df') in 0.027045 seconds
  Import took 0.036170 seconds .

========================================================================
Received Import Request.
  Time since last request: 0.000252 seconds.
  path: Assets/AlpacaStudio_Menu_Template/ImageAssets/Icon_Sound.png
  artifactKey: Guid(e6c59c8d94f172043a30d2e81ccfb457) Importer(815301076,1909f56bfc062723c751e8b465ee728b)
Start importing Assets/AlpacaStudio_Menu_Template/ImageAssets/Icon_Sound.png using Guid(e6c59c8d94f172043a30d2e81ccfb457) Importer(815301076,1909f56bfc062723c751e8b465ee728b)  -> (artifact id: '457923128c734194a75a9310a4a282d9') in 0.037830 seconds
  Import took 0.048676 seconds .

========================================================================
Received Import Request.
  Time since last request: 0.000561 seconds.
  path: Assets/Textures/img_tabla-madera-1280x720.jpg
  artifactKey: Guid(0303473290faaf94aa909a3f5001afdc) Importer(815301076,1909f56bfc062723c751e8b465ee728b)
Start importing Assets/Textures/img_tabla-madera-1280x720.jpg using Guid(0303473290faaf94aa909a3f5001afdc) Importer(815301076,1909f56bfc062723c751e8b465ee728b)  -> (artifact id: '37560ecfa3a0a1585f13124f54080d0f') in 0.041053 seconds
  Import took 0.050782 seconds .

========================================================================
Received Import Request.
  Time since last request: 0.000327 seconds.
  path: Assets/AlpacaStudio_Menu_Template/ImageAssets/Icon_Mute.png
  artifactKey: Guid(ee7100434d12ec44d8b1e194983bc270) Importer(815301076,1909f56bfc062723c751e8b465ee728b)
Start importing Assets/AlpacaStudio_Menu_Template/ImageAssets/Icon_Mute.png using Guid(ee7100434d12ec44d8b1e194983bc270) Importer(815301076,1909f56bfc062723c751e8b465ee728b)  -> (artifact id: 'cadeb35e30cf42e1a8dd674678f9b52e') in 0.048932 seconds
  Import took 0.053681 seconds .

========================================================================
Received Import Request.
  Time since last request: 0.000279 seconds.
  path: Assets/Icons/grupo_pelotas2.png
  artifactKey: Guid(3cedd5bef6001054fac397136b9f60f0) Importer(815301076,1909f56bfc062723c751e8b465ee728b)
Start importing Assets/Icons/grupo_pelotas2.png using Guid(3cedd5bef6001054fac397136b9f60f0) Importer(815301076,1909f56bfc062723c751e8b465ee728b)  -> (artifact id: '8b0827c51a3c1d2a10dd49e9e2f8f99b') in 0.060832 seconds
  Import took 0.069046 seconds .

========================================================================
Received Import Request.
  Time since last request: 0.000278 seconds.
  path: Assets/AlpacaStudio_Menu_Template/ImageAssets/Half_Button_L.png
  artifactKey: Guid(57acb1e81135a0543aa6cac4c8399e6d) Importer(815301076,1909f56bfc062723c751e8b465ee728b)
Start importing Assets/AlpacaStudio_Menu_Template/ImageAssets/Half_Button_L.png using Guid(57acb1e81135a0543aa6cac4c8399e6d) Importer(815301076,1909f56bfc062723c751e8b465ee728b)  -> (artifact id: '2efed22d6b1f49e92fc2e567533e9f50') in 0.046407 seconds
  Import took 0.060581 seconds .

========================================================================
Received Import Request.
  Time since last request: 0.217381 seconds.
  path: Assets/Textures/green-wood.jpg
  artifactKey: Guid(2db6cd6a53273d74fbdc0e5461b6b6a4) Importer(815301076,1909f56bfc062723c751e8b465ee728b)
Start importing Assets/Textures/green-wood.jpg using Guid(2db6cd6a53273d74fbdc0e5461b6b6a4) Importer(815301076,1909f56bfc062723c751e8b465ee728b)  -> (artifact id: 'd11c69b6f89cae81725dac24db0e2def') in 0.030251 seconds
  Import took 0.036131 seconds .

========================================================================
Received Import Request.
  Time since last request: 0.000252 seconds.
  path: Assets/Icons/grupo_pelotas1.png
  artifactKey: Guid(98a4ca43d02dbea4ba870f1b2321a7d1) Importer(815301076,1909f56bfc062723c751e8b465ee728b)
Start importing Assets/Icons/grupo_pelotas1.png using Guid(98a4ca43d02dbea4ba870f1b2321a7d1) Importer(815301076,1909f56bfc062723c751e8b465ee728b)  -> (artifact id: '426c2c6ff8d9c57e5477b9a0dbefa359') in 0.052616 seconds
  Import took 0.062326 seconds .

========================================================================
Received Import Request.
  Time since last request: 1.790957 seconds.
  path: Assets/Textures/dinning-table.png
  artifactKey: Guid(05dec3161c75fad429295bc99e801351) Importer(815301076,1909f56bfc062723c751e8b465ee728b)
Start importing Assets/Textures/dinning-table.png using Guid(05dec3161c75fad429295bc99e801351) Importer(815301076,1909f56bfc062723c751e8b465ee728b)  -> (artifact id: '04e16955a2b1efe20ff4e440bac28e77') in 0.043165 seconds
  Import took 0.057083 seconds .

========================================================================
Received Import Request.
  Time since last request: 0.000409 seconds.
  path: Assets/Textures/depositphotos_90096906-stock-photo-old-wooden-texture.jpg
  artifactKey: Guid(f2f3fb1b55477ec4eba2165e49525f2d) Importer(815301076,1909f56bfc062723c751e8b465ee728b)
Start importing Assets/Textures/depositphotos_90096906-stock-photo-old-wooden-texture.jpg using Guid(f2f3fb1b55477ec4eba2165e49525f2d) Importer(815301076,1909f56bfc062723c751e8b465ee728b)  -> (artifact id: '0f956ec51619a417d3aea17a122cb5df') in 0.061743 seconds
  Import took 0.072989 seconds .

========================================================================
Received Import Request.
  Time since last request: 0.000355 seconds.
  path: Assets/Icons/ejercicio 1.png
  artifactKey: Guid(d3e4de31deb72084b9c62deaa25b9b3e) Importer(815301076,1909f56bfc062723c751e8b465ee728b)
Start importing Assets/Icons/ejercicio 1.png using Guid(d3e4de31deb72084b9c62deaa25b9b3e) Importer(815301076,1909f56bfc062723c751e8b465ee728b)  -> (artifact id: '62e6d8e0a9a6bc682e220762ddc57bb6') in 0.039832 seconds
  Import took 0.045640 seconds .

========================================================================
Received Import Request.
  Time since last request: 0.002233 seconds.
  path: Assets/Textures/depositphotos_271907222-stock-photo-wood-surface-red-texture-wood.jpg
  artifactKey: Guid(0a0f25e34ff55af49b404ca90920a63a) Importer(815301076,1909f56bfc062723c751e8b465ee728b)
Start importing Assets/Textures/depositphotos_271907222-stock-photo-wood-surface-red-texture-wood.jpg using Guid(0a0f25e34ff55af49b404ca90920a63a) Importer(815301076,1909f56bfc062723c751e8b465ee728b)  -> (artifact id: '264939b711da914302a3bf08b5567fc5') in 0.047647 seconds
  Import took 0.054353 seconds .

========================================================================
Received Import Request.
  Time since last request: 0.005368 seconds.
  path: Assets/Icons/ejercicio 1.png
  artifactKey: Guid(d3e4de31deb72084b9c62deaa25b9b3e) Importer(815301076,1909f56bfc062723c751e8b465ee728b)
Start importing Assets/Icons/ejercicio 1.png using Guid(d3e4de31deb72084b9c62deaa25b9b3e) Importer(815301076,1909f56bfc062723c751e8b465ee728b)  -> (artifact id: '62e6d8e0a9a6bc682e220762ddc57bb6') in 0.032596 seconds
  Import took 0.038400 seconds .

========================================================================
Received Import Request.
  Time since last request: 0.228456 seconds.
  path: Assets/Textures/cuboVerde.png
  artifactKey: Guid(207842bc7cac3a046a9ccae900b9e142) Importer(815301076,1909f56bfc062723c751e8b465ee728b)
Start importing Assets/Textures/cuboVerde.png using Guid(207842bc7cac3a046a9ccae900b9e142) Importer(815301076,1909f56bfc062723c751e8b465ee728b)  -> (artifact id: 'adf856d9fbc5f1c96ab290f72e78fdc3') in 0.077784 seconds
  Import took 0.085592 seconds .

========================================================================
Received Import Request.
  Time since last request: 0.000534 seconds.
  path: Assets/Textures/depositphotos_1528775-stock-photo-wood-texture.jpg
  artifactKey: Guid(4b103324f8e9e1844834e1b4fc1cdf75) Importer(815301076,1909f56bfc062723c751e8b465ee728b)
Start importing Assets/Textures/depositphotos_1528775-stock-photo-wood-texture.jpg using Guid(4b103324f8e9e1844834e1b4fc1cdf75) Importer(815301076,1909f56bfc062723c751e8b465ee728b)  -> (artifact id: 'ba48d151c676d5727bc8f1c62db69d7f') in 0.081824 seconds
  Import took 0.088115 seconds .

========================================================================
Received Import Request.
  Time since last request: 0.106924 seconds.
  path: Assets/Textures/cuboBlanco.png
  artifactKey: Guid(018fdd5ff8f314444838811043afbdf3) Importer(815301076,1909f56bfc062723c751e8b465ee728b)
Start importing Assets/Textures/cuboBlanco.png using Guid(018fdd5ff8f314444838811043afbdf3) Importer(815301076,1909f56bfc062723c751e8b465ee728b)  -> (artifact id: '9b88e18958352c9b735467e981586e02') in 0.033607 seconds
  Import took 0.040351 seconds .

========================================================================
Received Import Request.
  Time since last request: 0.000283 seconds.
  path: Assets/Textures/cuboRosado.png
  artifactKey: Guid(22e7444ee8c89aa4fb81287289ffd547) Importer(815301076,1909f56bfc062723c751e8b465ee728b)
Start importing Assets/Textures/cuboRosado.png using Guid(22e7444ee8c89aa4fb81287289ffd547) Importer(815301076,1909f56bfc062723c751e8b465ee728b)  -> (artifact id: '569e48b7bba5bf8dd83d714adaf276c7') in 0.043453 seconds
  Import took 0.053950 seconds .

========================================================================
Received Import Request.
  Time since last request: 0.423113 seconds.
  path: Assets/Textures/coinTower.png
  artifactKey: Guid(b8910efa1f8e94046ae85c88139fda1f) Importer(815301076,1909f56bfc062723c751e8b465ee728b)
Start importing Assets/Textures/coinTower.png using Guid(b8910efa1f8e94046ae85c88139fda1f) Importer(815301076,1909f56bfc062723c751e8b465ee728b)  -> (artifact id: 'cc5fdfdd0713fc25d4c8f84b4f20dd2c') in 0.048575 seconds
  Import took 0.058363 seconds .

========================================================================
Received Import Request.
  Time since last request: 0.000504 seconds.
  path: Assets/Textures/cuboAmarillo.png
  artifactKey: Guid(37b116a5d62a4db4f9586bdd053d418a) Importer(815301076,1909f56bfc062723c751e8b465ee728b)
Start importing Assets/Textures/cuboAmarillo.png using Guid(37b116a5d62a4db4f9586bdd053d418a) Importer(815301076,1909f56bfc062723c751e8b465ee728b)  -> (artifact id: 'c9f9af99465336b95f5ee6e8f92a81f2') in 0.074869 seconds
  Import took 0.083060 seconds .

========================================================================
Received Import Request.
  Time since last request: 0.209128 seconds.
  path: Assets/Textures/coin.png
  artifactKey: Guid(cbbdfc486106f2b4599dd07d4d5d1248) Importer(815301076,1909f56bfc062723c751e8b465ee728b)
Start importing Assets/Textures/coin.png using Guid(cbbdfc486106f2b4599dd07d4d5d1248) Importer(815301076,1909f56bfc062723c751e8b465ee728b)  -> (artifact id: 'd35471efce34765a6da2a99a454ac163') in 0.062471 seconds
  Import took 0.074256 seconds .

========================================================================
Received Import Request.
  Time since last request: 0.000524 seconds.
  path: Assets/Icons/canasta.png
  artifactKey: Guid(00880d6f051c6b44a8c85d3060e65f2a) Importer(815301076,1909f56bfc062723c751e8b465ee728b)
Start importing Assets/Icons/canasta.png using Guid(00880d6f051c6b44a8c85d3060e65f2a) Importer(815301076,1909f56bfc062723c751e8b465ee728b)  -> (artifact id: 'fc1f9be0ad13fc43db07c3075f5338f3') in 0.042424 seconds
  Import took 0.055877 seconds .

========================================================================
Received Import Request.
  Time since last request: 0.000461 seconds.
  path: Assets/Textures/coin_1.png
  artifactKey: Guid(362a8f27fadbd724f846704bcb336094) Importer(815301076,1909f56bfc062723c751e8b465ee728b)
Start importing Assets/Textures/coin_1.png using Guid(362a8f27fadbd724f846704bcb336094) Importer(815301076,1909f56bfc062723c751e8b465ee728b)  -> (artifact id: '4bc4b6adb754cd77458190c23344b1fe') in 0.065011 seconds
  Import took 0.072027 seconds .

========================================================================
Received Import Request.
  Time since last request: 0.000585 seconds.
  path: Assets/Textures/casitaSemicompleta.png
  artifactKey: Guid(f34330361d0c58f45ac664e1d08ac3cd) Importer(815301076,1909f56bfc062723c751e8b465ee728b)
Start importing Assets/Textures/casitaSemicompleta.png using Guid(f34330361d0c58f45ac664e1d08ac3cd) Importer(815301076,1909f56bfc062723c751e8b465ee728b)  -> (artifact id: '1151bf83106a529fd4fe60629feaca0c') in 0.038088 seconds
  Import took 0.046674 seconds .

========================================================================
Received Import Request.
  Time since last request: 0.000405 seconds.
  path: Assets/Textures/coin_1.png
  artifactKey: Guid(362a8f27fadbd724f846704bcb336094) Importer(815301076,1909f56bfc062723c751e8b465ee728b)
Start importing Assets/Textures/coin_1.png using Guid(362a8f27fadbd724f846704bcb336094) Importer(815301076,1909f56bfc062723c751e8b465ee728b)  -> (artifact id: '4bc4b6adb754cd77458190c23344b1fe') in 0.046197 seconds
  Import took 0.050976 seconds .

========================================================================
Received Import Request.
  Time since last request: 0.640522 seconds.
  path: Assets/Textures/3840x2160_boards-surface-wood-wooden-blue.jpg
  artifactKey: Guid(937d9c3178df1d142b71ae2875693c08) Importer(815301076,1909f56bfc062723c751e8b465ee728b)
Start importing Assets/Textures/3840x2160_boards-surface-wood-wooden-blue.jpg using Guid(937d9c3178df1d142b71ae2875693c08) Importer(815301076,1909f56bfc062723c751e8b465ee728b)  -> (artifact id: '8df8806bb68759ccb1be775848255a2b') in 0.065395 seconds
  Import took 0.073152 seconds .

========================================================================
Received Prepare
Registering precompiled user dll's ...
Registered in 0.002192 seconds.
Begin MonoManager ReloadAssembly
Native extension for WindowsStandalone target not found
Refreshing native plugins compatible for Editor in 0.87 ms, found 1 plugins.
Preloading 0 native plugins for Editor in 0.00 ms.
Mono: successfully reloaded assembly
- Completed reload, in  1.736 seconds
Platform modules already initialized, skipping
Refreshing native plugins compatible for Editor in 0.84 ms, found 1 plugins.
Preloading 0 native plugins for Editor in 0.00 ms.
Unloading 1531 Unused Serialized files (Serialized files now loaded: 0)
System memory in use before: 75.3 MB.
System memory in use after: 75.3 MB.

Unloading 8 unused Assets to reduce memory usage. Loaded Objects now: 2081.
Total: 15.223400 ms (FindLiveObjects: 0.362300 ms CreateObjectMapping: 0.096600 ms MarkObjects: 14.587900 ms  DeleteObjects: 0.173900 ms)

========================================================================
Received Import Request.
  Time since last request: 507.554666 seconds.
  path: Assets/Fantasy Skybox FREE
  artifactKey: Guid(80252040234583444aff6cfdda250584) Importer(815301076,1909f56bfc062723c751e8b465ee728b)
Start importing Assets/Fantasy Skybox FREE using Guid(80252040234583444aff6cfdda250584) Importer(815301076,1909f56bfc062723c751e8b465ee728b)  -> (artifact id: '44a1806df8e19ef25a44c47d876dfaab') in 0.031172 seconds
  Import took 0.038040 seconds .

========================================================================
Received Import Request.
  Time since last request: 1.166074 seconds.
  path: Assets/Fantasy Skybox FREE/Materials
  artifactKey: Guid(e0454b514da2ecd429e000f40050d4fa) Importer(815301076,1909f56bfc062723c751e8b465ee728b)
Start importing Assets/Fantasy Skybox FREE/Materials using Guid(e0454b514da2ecd429e000f40050d4fa) Importer(815301076,1909f56bfc062723c751e8b465ee728b)  -> (artifact id: 'f25aa507eab6af068e0708f76279b6d7') in 0.032054 seconds
  Import took 0.044643 seconds .

========================================================================
Received Import Request.
  Time since last request: 1.160745 seconds.
  path: Assets/Fantasy Skybox FREE/Materials/FS013
  artifactKey: Guid(f11fc5ca5a0603d4f96f98c92e7cb7f2) Importer(815301076,1909f56bfc062723c751e8b465ee728b)
Start importing Assets/Fantasy Skybox FREE/Materials/FS013 using Guid(f11fc5ca5a0603d4f96f98c92e7cb7f2) Importer(815301076,1909f56bfc062723c751e8b465ee728b)  -> (artifact id: '3c41d992284f38c9c6ed819ff3f89ff6') in 0.028420 seconds
  Import took 0.034568 seconds .

========================================================================
Received Import Request.
  Time since last request: 0.059852 seconds.
  path: Assets/Fantasy Skybox FREE/Materials/FS013/FS013_Day.mat
  artifactKey: Guid(8dd2f17b6e3f8174390967bc55ead836) Importer(815301076,1909f56bfc062723c751e8b465ee728b)
Start importing Assets/Fantasy Skybox FREE/Materials/FS013/FS013_Day.mat using Guid(8dd2f17b6e3f8174390967bc55ead836) Importer(815301076,1909f56bfc062723c751e8b465ee728b)  -> (artifact id: '68d93c3e3f44541aa9501040fd861ac7') in 0.189918 seconds
  Import took 0.203368 seconds .

========================================================================
Received Import Request.
  Time since last request: 0.000261 seconds.
  path: Assets/Fantasy Skybox FREE/Materials/FS013/FS013_Day_Sunless.png
  artifactKey: Guid(20f8339484595a64b81579493040f0a0) Importer(815301076,1909f56bfc062723c751e8b465ee728b)
Start importing Assets/Fantasy Skybox FREE/Materials/FS013/FS013_Day_Sunless.png using Guid(20f8339484595a64b81579493040f0a0) Importer(815301076,1909f56bfc062723c751e8b465ee728b)  -> (artifact id: '2c37f69eeb63ae69149bfd733cf9fbb6') in 0.055920 seconds
  Import took 0.064745 seconds .

========================================================================
Received Import Request.
  Time since last request: 0.000324 seconds.
  path: Assets/Fantasy Skybox FREE/Materials/FS013/FS013_Night.png
  artifactKey: Guid(134608dbb5b4b3e458e3567b13281134) Importer(815301076,1909f56bfc062723c751e8b465ee728b)
Start importing Assets/Fantasy Skybox FREE/Materials/FS013/FS013_Night.png using Guid(134608dbb5b4b3e458e3567b13281134) Importer(815301076,1909f56bfc062723c751e8b465ee728b)  -> (artifact id: '17d91cc20d80457def9b778eefe15815') in 0.039230 seconds
  Import took 0.045335 seconds .

========================================================================
Received Import Request.
  Time since last request: 0.000261 seconds.
  path: Assets/Fantasy Skybox FREE/Materials/FS013/FS013_Day_Sunless.png
  artifactKey: Guid(20f8339484595a64b81579493040f0a0) Importer(815301076,1909f56bfc062723c751e8b465ee728b)
Start importing Assets/Fantasy Skybox FREE/Materials/FS013/FS013_Day_Sunless.png using Guid(20f8339484595a64b81579493040f0a0) Importer(815301076,1909f56bfc062723c751e8b465ee728b)  -> (artifact id: '2c37f69eeb63ae69149bfd733cf9fbb6') in 0.038339 seconds
  Import took 0.042650 seconds .

========================================================================
Received Import Request.
  Time since last request: 0.000333 seconds.
  path: Assets/Fantasy Skybox FREE/Materials/FS013/FS013_Sunset.png
  artifactKey: Guid(c9c7d456c59dc784b93f9c65f163e63f) Importer(815301076,1909f56bfc062723c751e8b465ee728b)
Start importing Assets/Fantasy Skybox FREE/Materials/FS013/FS013_Sunset.png using Guid(c9c7d456c59dc784b93f9c65f163e63f) Importer(815301076,1909f56bfc062723c751e8b465ee728b)  -> (artifact id: 'd070749ae6edd98d380cb4eabe47ed7c') in 0.042702 seconds
  Import took 0.048127 seconds .

========================================================================
Received Import Request.
  Time since last request: 0.001009 seconds.
  path: Assets/Fantasy Skybox FREE/Materials/FS013/FS013_Rainy.mat
  artifactKey: Guid(8426cf3d3939a7d419671f3d5c269c0b) Importer(815301076,1909f56bfc062723c751e8b465ee728b)
Start importing Assets/Fantasy Skybox FREE/Materials/FS013/FS013_Rainy.mat using Guid(8426cf3d3939a7d419671f3d5c269c0b) Importer(815301076,1909f56bfc062723c751e8b465ee728b)  -> (artifact id: '2084be345978dfb8e958c6bd2dda83de') in 0.059367 seconds
  Import took 0.064154 seconds .

========================================================================
Received Import Request.
  Time since last request: 0.001393 seconds.
  path: Assets/Fantasy Skybox FREE/Materials/FS013/FS013_Night_Moonless.mat
  artifactKey: Guid(56c9ed5ee739a324e8d8bdb9613f4890) Importer(815301076,1909f56bfc062723c751e8b465ee728b)
Start importing Assets/Fantasy Skybox FREE/Materials/FS013/FS013_Night_Moonless.mat using Guid(56c9ed5ee739a324e8d8bdb9613f4890) Importer(815301076,1909f56bfc062723c751e8b465ee728b)  -> (artifact id: '0df6798e9c460bbb0aacbc71363e5cd8') in 0.063118 seconds
  Import took 0.070898 seconds .

========================================================================
Received Import Request.
  Time since last request: 0.000278 seconds.
  path: Assets/Fantasy Skybox FREE/Materials/FS013/FS013_Sunrise.mat
  artifactKey: Guid(3a253cab252a165478338fba0f03e63a) Importer(815301076,1909f56bfc062723c751e8b465ee728b)
Start importing Assets/Fantasy Skybox FREE/Materials/FS013/FS013_Sunrise.mat using Guid(3a253cab252a165478338fba0f03e63a) Importer(815301076,1909f56bfc062723c751e8b465ee728b)  -> (artifact id: '090af66ef36b1115423d09b58d763dd1') in 0.043523 seconds
  Import took 0.047858 seconds .

========================================================================
Received Import Request.
  Time since last request: 0.000257 seconds.
  path: Assets/Fantasy Skybox FREE/Materials/FS013/FS013_Sunset.mat
  artifactKey: Guid(de1d750fefeeac642bf9b11a3978ccf5) Importer(815301076,1909f56bfc062723c751e8b465ee728b)
Start importing Assets/Fantasy Skybox FREE/Materials/FS013/FS013_Sunset.mat using Guid(de1d750fefeeac642bf9b11a3978ccf5) Importer(815301076,1909f56bfc062723c751e8b465ee728b)  -> (artifact id: '0152f99df8320e6c4948560b0bab954f') in 0.038125 seconds
  Import took 0.044205 seconds .

========================================================================
Received Import Request.
  Time since last request: 0.000308 seconds.
  path: Assets/Fantasy Skybox FREE/Materials/FS013/FS013_Day.png
  artifactKey: Guid(163214a3accfb80488d2e6a27f45b743) Importer(815301076,1909f56bfc062723c751e8b465ee728b)
Start importing Assets/Fantasy Skybox FREE/Materials/FS013/FS013_Day.png using Guid(163214a3accfb80488d2e6a27f45b743) Importer(815301076,1909f56bfc062723c751e8b465ee728b)  -> (artifact id: 'bfcf203b199e2d57d8aeb227ebaa26aa') in 0.039991 seconds
  Import took 0.044669 seconds .

========================================================================
Received Import Request.
  Time since last request: 0.000254 seconds.
  path: Assets/Fantasy Skybox FREE/Materials/FS013/FS013_Sunrise.png
  artifactKey: Guid(99bb9346a54a1ef45b3d086ccba8cfad) Importer(815301076,1909f56bfc062723c751e8b465ee728b)
Start importing Assets/Fantasy Skybox FREE/Materials/FS013/FS013_Sunrise.png using Guid(99bb9346a54a1ef45b3d086ccba8cfad) Importer(815301076,1909f56bfc062723c751e8b465ee728b)  -> (artifact id: 'c4b42ea6e3f0aa543fb46b9cd7e1ae7f') in 0.025452 seconds
  Import took 0.034164 seconds .

========================================================================
Received Import Request.
  Time since last request: 0.000381 seconds.
  path: Assets/Fantasy Skybox FREE/Materials/FS013/FS013_Night_Moonless.png
  artifactKey: Guid(a81552b25f3b36b43b82a6c5daf6e098) Importer(815301076,1909f56bfc062723c751e8b465ee728b)
Start importing Assets/Fantasy Skybox FREE/Materials/FS013/FS013_Night_Moonless.png using Guid(a81552b25f3b36b43b82a6c5daf6e098) Importer(815301076,1909f56bfc062723c751e8b465ee728b)  -> (artifact id: '753c6b9808246a3089b836a2018f6229') in 0.027572 seconds
  Import took 0.034451 seconds .

========================================================================
Received Import Request.
  Time since last request: 0.000891 seconds.
  path: Assets/Fantasy Skybox FREE/Materials/FS013/FS013_Day.mat
  artifactKey: Guid(8dd2f17b6e3f8174390967bc55ead836) Importer(815301076,1909f56bfc062723c751e8b465ee728b)
Start importing Assets/Fantasy Skybox FREE/Materials/FS013/FS013_Day.mat using Guid(8dd2f17b6e3f8174390967bc55ead836) Importer(815301076,1909f56bfc062723c751e8b465ee728b)  -> (artifact id: '68d93c3e3f44541aa9501040fd861ac7') in 0.064764 seconds
  Import took 0.073310 seconds .

========================================================================
Received Import Request.
  Time since last request: 0.000548 seconds.
  path: Assets/Fantasy Skybox FREE/Materials/FS013/FS013_Snowy.png
  artifactKey: Guid(cd6e32b2b89313e4ba54e7fc07ea31f2) Importer(815301076,1909f56bfc062723c751e8b465ee728b)
Start importing Assets/Fantasy Skybox FREE/Materials/FS013/FS013_Snowy.png using Guid(cd6e32b2b89313e4ba54e7fc07ea31f2) Importer(815301076,1909f56bfc062723c751e8b465ee728b)  -> (artifact id: 'cca88b97dedfec037b6d4e32167340d4') in 0.036332 seconds
  Import took 0.046035 seconds .

========================================================================
Received Import Request.
  Time since last request: 0.000719 seconds.
  path: Assets/Fantasy Skybox FREE/Materials/FS013/FS013_Night.mat
  artifactKey: Guid(6eecb3bb77b3f7a43a504fceda3b0b5f) Importer(815301076,1909f56bfc062723c751e8b465ee728b)
Start importing Assets/Fantasy Skybox FREE/Materials/FS013/FS013_Night.mat using Guid(6eecb3bb77b3f7a43a504fceda3b0b5f) Importer(815301076,1909f56bfc062723c751e8b465ee728b)  -> (artifact id: 'f5068be1b74136faca1f8060ea1ea043') in 0.035782 seconds
  Import took 0.054332 seconds .

========================================================================
Received Import Request.
  Time since last request: 0.000722 seconds.
  path: Assets/Fantasy Skybox FREE/Materials/FS013/FS013_Day_Sunless.mat
  artifactKey: Guid(97fca95f33987e548be9dd7c03cb1a96) Importer(815301076,1909f56bfc062723c751e8b465ee728b)
Start importing Assets/Fantasy Skybox FREE/Materials/FS013/FS013_Day_Sunless.mat using Guid(97fca95f33987e548be9dd7c03cb1a96) Importer(815301076,1909f56bfc062723c751e8b465ee728b)  -> (artifact id: '9514331e602164b40311af48b33d0bc6') in 0.036686 seconds
  Import took 0.041395 seconds .

========================================================================
Received Import Request.
  Time since last request: 0.000247 seconds.
  path: Assets/Fantasy Skybox FREE/Materials/FS013/FS013_Snowy.mat
  artifactKey: Guid(0e51b3d2f16325549987d8d6070de3a1) Importer(815301076,1909f56bfc062723c751e8b465ee728b)
Start importing Assets/Fantasy Skybox FREE/Materials/FS013/FS013_Snowy.mat using Guid(0e51b3d2f16325549987d8d6070de3a1) Importer(815301076,1909f56bfc062723c751e8b465ee728b)  -> (artifact id: '43946f82c16430e12572c4cbd3403520') in 0.030902 seconds
  Import took 0.035208 seconds .

========================================================================
Received Import Request.
  Time since last request: 0.000256 seconds.
  path: Assets/Fantasy Skybox FREE/Materials/FS013/FS013_Rainy.png
  artifactKey: Guid(f5aa48695cf2eae40a79ff8630af2aef) Importer(815301076,1909f56bfc062723c751e8b465ee728b)
Start importing Assets/Fantasy Skybox FREE/Materials/FS013/FS013_Rainy.png using Guid(f5aa48695cf2eae40a79ff8630af2aef) Importer(815301076,1909f56bfc062723c751e8b465ee728b)  -> (artifact id: '9fabb9cc569b1dd21ce521d9605cd391') in 0.029351 seconds
  Import took 0.036148 seconds .

========================================================================
Received Prepare
Registering precompiled user dll's ...
Registered in 0.003596 seconds.
Begin MonoManager ReloadAssembly
Native extension for WindowsStandalone target not found
Refreshing native plugins compatible for Editor in 0.59 ms, found 1 plugins.
Preloading 0 native plugins for Editor in 0.00 ms.
Mono: successfully reloaded assembly
- Completed reload, in  1.947 seconds
Platform modules already initialized, skipping
Refreshing native plugins compatible for Editor in 0.54 ms, found 1 plugins.
Preloading 0 native plugins for Editor in 0.00 ms.
Unloading 1531 Unused Serialized files (Serialized files now loaded: 0)
System memory in use before: 75.3 MB.
System memory in use after: 75.4 MB.

Unloading 8 unused Assets to reduce memory usage. Loaded Objects now: 2087.
Total: 5.710200 ms (FindLiveObjects: 1.920900 ms CreateObjectMapping: 0.189200 ms MarkObjects: 3.489500 ms  DeleteObjects: 0.107700 ms)

========================================================================
Received Import Request.
  Time since last request: 138.369159 seconds.
  path: Assets/Fantasy Skybox FREE/Materials/FS017
  artifactKey: Guid(9ae9a043594a6d741a2956119b230b43) Importer(815301076,1909f56bfc062723c751e8b465ee728b)
Start importing Assets/Fantasy Skybox FREE/Materials/FS017 using Guid(9ae9a043594a6d741a2956119b230b43) Importer(815301076,1909f56bfc062723c751e8b465ee728b)  -> (artifact id: 'f83c73e4f4c823b8ff30fc0da0f6267d') in 0.057552 seconds
  Import took 0.066657 seconds .

========================================================================
Received Import Request.
  Time since last request: 0.003384 seconds.
  path: Assets/Fantasy Skybox FREE/Materials/FS017
  artifactKey: Guid(9ae9a043594a6d741a2956119b230b43) Importer(815301076,1909f56bfc062723c751e8b465ee728b)
Start importing Assets/Fantasy Skybox FREE/Materials/FS017 using Guid(9ae9a043594a6d741a2956119b230b43) Importer(815301076,1909f56bfc062723c751e8b465ee728b)  -> (artifact id: 'f83c73e4f4c823b8ff30fc0da0f6267d') in 0.008866 seconds
  Import took 0.020352 seconds .

========================================================================
Received Import Request.
  Time since last request: 0.000796 seconds.
  path: Assets/Fantasy Skybox FREE/Materials/FS017/FS017_Day.mat
  artifactKey: Guid(0d5771081eb9abb43b1792b52260d914) Importer(815301076,1909f56bfc062723c751e8b465ee728b)
Start importing Assets/Fantasy Skybox FREE/Materials/FS017/FS017_Day.mat using Guid(0d5771081eb9abb43b1792b52260d914) Importer(815301076,1909f56bfc062723c751e8b465ee728b)  -> (artifact id: '6890337fd0fdfbdda54ee05e7840cf77') in 0.138045 seconds
  Import took 0.145029 seconds .

========================================================================
Received Import Request.
  Time since last request: 0.002555 seconds.
  path: Assets/Fantasy Skybox FREE/Materials/FS017/FS017_Rainy.mat
  artifactKey: Guid(7a8675eb396637d43b4ba0a69cc715a5) Importer(815301076,1909f56bfc062723c751e8b465ee728b)
Start importing Assets/Fantasy Skybox FREE/Materials/FS017/FS017_Rainy.mat using Guid(7a8675eb396637d43b4ba0a69cc715a5) Importer(815301076,1909f56bfc062723c751e8b465ee728b)  -> (artifact id: 'fe4d6169342bdfc79aafc799e1d7c71b') in 0.034890 seconds
  Import took 0.049850 seconds .

========================================================================
Received Import Request.
  Time since last request: 0.000246 seconds.
  path: Assets/Fantasy Skybox FREE/Materials/FS017/FS017_Night.mat
  artifactKey: Guid(d3823126980dd98479f7761e6d47338a) Importer(815301076,1909f56bfc062723c751e8b465ee728b)
Start importing Assets/Fantasy Skybox FREE/Materials/FS017/FS017_Night.mat using Guid(d3823126980dd98479f7761e6d47338a) Importer(815301076,1909f56bfc062723c751e8b465ee728b)  -> (artifact id: '9c154c9f6d963e94eb6a6ccaafafd241') in 0.083486 seconds
  Import took 0.087348 seconds .

========================================================================
Received Import Request.
  Time since last request: 0.000368 seconds.
  path: Assets/Fantasy Skybox FREE/Materials/FS017/FS017_Day_Sunless.png
  artifactKey: Guid(268c93021d7cf59469304bd4e244f156) Importer(815301076,1909f56bfc062723c751e8b465ee728b)
Start importing Assets/Fantasy Skybox FREE/Materials/FS017/FS017_Day_Sunless.png using Guid(268c93021d7cf59469304bd4e244f156) Importer(815301076,1909f56bfc062723c751e8b465ee728b)  -> (artifact id: '081ebd696a0a17223dec670a972414d2') in 0.044644 seconds
  Import took 0.049668 seconds .

========================================================================
Received Import Request.
  Time since last request: 0.000308 seconds.
  path: Assets/Fantasy Skybox FREE/Materials/FS017/FS017_Sunset.png
  artifactKey: Guid(89878140665978f4f9f27f55a61fb12d) Importer(815301076,1909f56bfc062723c751e8b465ee728b)
Start importing Assets/Fantasy Skybox FREE/Materials/FS017/FS017_Sunset.png using Guid(89878140665978f4f9f27f55a61fb12d) Importer(815301076,1909f56bfc062723c751e8b465ee728b)  -> (artifact id: '9d0e04773f2452afde191ea9e727210e') in 0.031519 seconds
  Import took 0.036777 seconds .

========================================================================
Received Import Request.
  Time since last request: 0.000321 seconds.
  path: Assets/Fantasy Skybox FREE/Materials/FS017/FS017_Day.png
  artifactKey: Guid(53129b20db5c19c4a9f4fcd4efd08b96) Importer(815301076,1909f56bfc062723c751e8b465ee728b)
Start importing Assets/Fantasy Skybox FREE/Materials/FS017/FS017_Day.png using Guid(53129b20db5c19c4a9f4fcd4efd08b96) Importer(815301076,1909f56bfc062723c751e8b465ee728b)  -> (artifact id: '1a54ca9c987975149f3a54f734d19411') in 0.027124 seconds
  Import took 0.035840 seconds .

========================================================================
Received Import Request.
  Time since last request: 0.000364 seconds.
  path: Assets/Fantasy Skybox FREE/Materials/FS017/FS017_Sunrise.mat
  artifactKey: Guid(39d27e80110a983468075fd1868610d7) Importer(815301076,1909f56bfc062723c751e8b465ee728b)
Start importing Assets/Fantasy Skybox FREE/Materials/FS017/FS017_Sunrise.mat using Guid(39d27e80110a983468075fd1868610d7) Importer(815301076,1909f56bfc062723c751e8b465ee728b)  -> (artifact id: '968a9405b1321d31bdc81ccc85f9a1eb') in 0.039493 seconds
  Import took 0.050422 seconds .

========================================================================
Received Import Request.
  Time since last request: 0.001004 seconds.
  path: Assets/Fantasy Skybox FREE/Materials/FS017/FS017_Night_Moonless.mat
  artifactKey: Guid(48d4f62e2d5af1643a431d2f4b07ccbb) Importer(815301076,1909f56bfc062723c751e8b465ee728b)
Start importing Assets/Fantasy Skybox FREE/Materials/FS017/FS017_Night_Moonless.mat using Guid(48d4f62e2d5af1643a431d2f4b07ccbb) Importer(815301076,1909f56bfc062723c751e8b465ee728b)  -> (artifact id: '67cb98178031026a1bcf2783e12e0179') in 0.041367 seconds
  Import took 0.051315 seconds .

========================================================================
Received Import Request.
  Time since last request: 0.000492 seconds.
  path: Assets/Fantasy Skybox FREE/Materials/FS017/FS017_Snowy.mat
  artifactKey: Guid(24d76106ebc1bd947a3fed862f899b82) Importer(815301076,1909f56bfc062723c751e8b465ee728b)
Start importing Assets/Fantasy Skybox FREE/Materials/FS017/FS017_Snowy.mat using Guid(24d76106ebc1bd947a3fed862f899b82) Importer(815301076,1909f56bfc062723c751e8b465ee728b)  -> (artifact id: '263d513a7d8b39ba41ba316efe691f15') in 0.042674 seconds
  Import took 0.050787 seconds .

========================================================================
Received Import Request.
  Time since last request: 0.000517 seconds.
  path: Assets/Fantasy Skybox FREE/Materials/FS017/FS017_Snowy.png
  artifactKey: Guid(787c830ffbe38b14a9c7bcf39669cdfe) Importer(815301076,1909f56bfc062723c751e8b465ee728b)
Start importing Assets/Fantasy Skybox FREE/Materials/FS017/FS017_Snowy.png using Guid(787c830ffbe38b14a9c7bcf39669cdfe) Importer(815301076,1909f56bfc062723c751e8b465ee728b)  -> (artifact id: '9759f866cd68981473047833a256c424') in 0.026342 seconds
  Import took 0.036057 seconds .

========================================================================
Received Import Request.
  Time since last request: 0.000772 seconds.
  path: Assets/Fantasy Skybox FREE/Materials/FS017/FS017_Sunset.mat
  artifactKey: Guid(aed657681c6812845bb7736c343b5e9b) Importer(815301076,1909f56bfc062723c751e8b465ee728b)
Start importing Assets/Fantasy Skybox FREE/Materials/FS017/FS017_Sunset.mat using Guid(aed657681c6812845bb7736c343b5e9b) Importer(815301076,1909f56bfc062723c751e8b465ee728b)  -> (artifact id: '69c3512bb33a5675b936fb20b18cb191') in 0.033423 seconds
  Import took 0.039032 seconds .

========================================================================
Received Import Request.
  Time since last request: 0.000456 seconds.
  path: Assets/Fantasy Skybox FREE/Materials/FS017/FS017_Rainy.png
  artifactKey: Guid(16d9adf6c3330a04791bfc80481167c2) Importer(815301076,1909f56bfc062723c751e8b465ee728b)
Start importing Assets/Fantasy Skybox FREE/Materials/FS017/FS017_Rainy.png using Guid(16d9adf6c3330a04791bfc80481167c2) Importer(815301076,1909f56bfc062723c751e8b465ee728b)  -> (artifact id: 'f02bf5a5fd298feefa23b782c353ad89') in 0.021233 seconds
  Import took 0.028338 seconds .

========================================================================
Received Import Request.
  Time since last request: 0.000414 seconds.
  path: Assets/Fantasy Skybox FREE/Materials/FS017/FS017_Day_Sunless.mat
  artifactKey: Guid(416ee80c6a09f9b4fb43d9aa43f4a057) Importer(815301076,1909f56bfc062723c751e8b465ee728b)
Start importing Assets/Fantasy Skybox FREE/Materials/FS017/FS017_Day_Sunless.mat using Guid(416ee80c6a09f9b4fb43d9aa43f4a057) Importer(815301076,1909f56bfc062723c751e8b465ee728b)  -> (artifact id: '6fb82b9434b8adc0f15b5249b7a72758') in 0.030061 seconds
  Import took 0.035827 seconds .

========================================================================
Received Import Request.
  Time since last request: 0.001021 seconds.
  path: Assets/Fantasy Skybox FREE/Materials/FS017/FS017_Sunrise.png
  artifactKey: Guid(5e24d3ca061bf2b48a3e334c5cc4eab1) Importer(815301076,1909f56bfc062723c751e8b465ee728b)
Start importing Assets/Fantasy Skybox FREE/Materials/FS017/FS017_Sunrise.png using Guid(5e24d3ca061bf2b48a3e334c5cc4eab1) Importer(815301076,1909f56bfc062723c751e8b465ee728b)  -> (artifact id: '1dd18b20145ffca4b1f252745d8458e4') in 0.020252 seconds
  Import took 0.028942 seconds .

========================================================================
Received Import Request.
  Time since last request: 0.000344 seconds.
  path: Assets/Fantasy Skybox FREE/Materials/FS017/FS017_Night_Moonless.png
  artifactKey: Guid(71af0a156cd7ed6469b31ce35294a78b) Importer(815301076,1909f56bfc062723c751e8b465ee728b)
Start importing Assets/Fantasy Skybox FREE/Materials/FS017/FS017_Night_Moonless.png using Guid(71af0a156cd7ed6469b31ce35294a78b) Importer(815301076,1909f56bfc062723c751e8b465ee728b)  -> (artifact id: '68c7251cad7da22f0b86d5b5fdd49fe9') in 0.030522 seconds
  Import took 0.035455 seconds .

========================================================================
Received Import Request.
  Time since last request: 0.000443 seconds.
  path: Assets/Fantasy Skybox FREE/Materials/FS017/FS017_Night.png
  artifactKey: Guid(32cef6a96e79c904387df9d92260fabf) Importer(815301076,1909f56bfc062723c751e8b465ee728b)
Start importing Assets/Fantasy Skybox FREE/Materials/FS017/FS017_Night.png using Guid(32cef6a96e79c904387df9d92260fabf) Importer(815301076,1909f56bfc062723c751e8b465ee728b)  -> (artifact id: 'a99f8736ee959f23019ff670627ed351') in 0.021487 seconds
  Import took 0.032601 seconds .

========================================================================
Received Prepare
Registering precompiled user dll's ...
Registered in 0.002439 seconds.
Begin MonoManager ReloadAssembly
Native extension for WindowsStandalone target not found
Refreshing native plugins compatible for Editor in 0.86 ms, found 1 plugins.
Preloading 0 native plugins for Editor in 0.00 ms.
Mono: successfully reloaded assembly
- Completed reload, in  2.201 seconds
Platform modules already initialized, skipping
Refreshing native plugins compatible for Editor in 0.44 ms, found 1 plugins.
Preloading 0 native plugins for Editor in 0.00 ms.
Unloading 1531 Unused Serialized files (Serialized files now loaded: 0)
System memory in use before: 75.3 MB.
System memory in use after: 75.4 MB.

Unloading 8 unused Assets to reduce memory usage. Loaded Objects now: 2092.
Total: 5.658400 ms (FindLiveObjects: 1.157700 ms CreateObjectMapping: 0.715500 ms MarkObjects: 3.659800 ms  DeleteObjects: 0.122700 ms)

========================================================================
Received Import Request.
  Time since last request: 158.351688 seconds.
  path: Assets/Materials
  artifactKey: Guid(b8bc589a9371bb8459b0a37b3c14a40c) Importer(815301076,1909f56bfc062723c751e8b465ee728b)
Start importing Assets/Materials using Guid(b8bc589a9371bb8459b0a37b3c14a40c) Importer(815301076,1909f56bfc062723c751e8b465ee728b)  -> (artifact id: '00d42a4e49841b35f05b894a5e6f0aca') in 0.023565 seconds
  Import took 0.036173 seconds .

========================================================================
Received Import Request.
  Time since last request: 0.221123 seconds.
  path: Assets/Materials/1.mat
  artifactKey: Guid(e7185b497fa485d4799afead7e2451cf) Importer(815301076,1909f56bfc062723c751e8b465ee728b)
Start importing Assets/Materials/1.mat using Guid(e7185b497fa485d4799afead7e2451cf) Importer(815301076,1909f56bfc062723c751e8b465ee728b)  -> (artifact id: 'd284858624f35dfc87b223c8a7d8884f') in 0.188361 seconds
  Import took 0.200209 seconds .

========================================================================
Received Import Request.
  Time since last request: 0.000465 seconds.
  path: Assets/Materials/Wood.mat
  artifactKey: Guid(b305052a9f8bfef4b83368fc26f450f5) Importer(815301076,1909f56bfc062723c751e8b465ee728b)
Start importing Assets/Materials/Wood.mat using Guid(b305052a9f8bfef4b83368fc26f450f5) Importer(815301076,1909f56bfc062723c751e8b465ee728b)  -> (artifact id: 'a5df92f579836dcdb3b1c12eb6f55b33') in 0.044758 seconds
  Import took 0.051780 seconds .

========================================================================
Received Import Request.
  Time since last request: 0.001552 seconds.
  path: Assets/Materials/Green wood.mat
  artifactKey: Guid(f4b09abfd15de8b478344a687a33cf48) Importer(815301076,1909f56bfc062723c751e8b465ee728b)
Start importing Assets/Materials/Green wood.mat using Guid(f4b09abfd15de8b478344a687a33cf48) Importer(815301076,1909f56bfc062723c751e8b465ee728b)  -> (artifact id: '4d68cdbf0e030998849fa37b0d30d988') in 0.037062 seconds
  Import took 0.045821 seconds .

========================================================================
Received Import Request.
  Time since last request: 0.001064 seconds.
  path: Assets/Materials/Red wood.mat
  artifactKey: Guid(c2c0821261ae79949b631d4f9af4c525) Importer(815301076,1909f56bfc062723c751e8b465ee728b)
Start importing Assets/Materials/Red wood.mat using Guid(c2c0821261ae79949b631d4f9af4c525) Importer(815301076,1909f56bfc062723c751e8b465ee728b)  -> (artifact id: 'e2554532b5d70812d94475618f027e24') in 0.040270 seconds
  Import took 0.052609 seconds .

========================================================================
Received Import Request.
  Time since last request: 0.000064 seconds.
  path: Assets/Materials/4.mat
  artifactKey: Guid(34d89f80729c0c841b4c423ce4394141) Importer(815301076,1909f56bfc062723c751e8b465ee728b)
Start importing Assets/Materials/4.mat using Guid(34d89f80729c0c841b4c423ce4394141) Importer(815301076,1909f56bfc062723c751e8b465ee728b)  -> (artifact id: '0b9bd331d407687fdd5f197a8acf2d2f') in 0.039386 seconds
  Import took 0.047702 seconds .

========================================================================
Received Import Request.
  Time since last request: 0.000304 seconds.
  path: Assets/Materials/tangram-pl-2.mat
  artifactKey: Guid(261856d284bb9a246a6edd87951c1f6a) Importer(815301076,1909f56bfc062723c751e8b465ee728b)
Start importing Assets/Materials/tangram-pl-2.mat using Guid(261856d284bb9a246a6edd87951c1f6a) Importer(815301076,1909f56bfc062723c751e8b465ee728b)  -> (artifact id: '5e7c65067e6896bd813c8423324ca510') in 0.040742 seconds
  Import took 0.048296 seconds .

========================================================================
Received Import Request.
  Time since last request: 0.000386 seconds.
  path: Assets/Materials/Purple2 Wood.mat
  artifactKey: Guid(4f69f863e3076c646aade374f0597f09) Importer(815301076,1909f56bfc062723c751e8b465ee728b)
Start importing Assets/Materials/Purple2 Wood.mat using Guid(4f69f863e3076c646aade374f0597f09) Importer(815301076,1909f56bfc062723c751e8b465ee728b)  -> (artifact id: '962faa55f0fd335f6034c813c198b3b8') in 0.039464 seconds
  Import took 0.047276 seconds .

========================================================================
Received Import Request.
  Time since last request: 0.000288 seconds.
  path: Assets/Materials/6.mat
  artifactKey: Guid(e1a0fdec608d2674282fe413407ba264) Importer(815301076,1909f56bfc062723c751e8b465ee728b)
Start importing Assets/Materials/6.mat using Guid(e1a0fdec608d2674282fe413407ba264) Importer(815301076,1909f56bfc062723c751e8b465ee728b)  -> (artifact id: 'c4279037eaf332b8e1ebc0d8a54aadec') in 0.033127 seconds
  Import took 0.040329 seconds .

========================================================================
Received Import Request.
  Time since last request: 0.000398 seconds.
  path: Assets/Materials/coin_1.mat
  artifactKey: Guid(6b2fa36049c2d2c42bfe7e23b01c91af) Importer(815301076,1909f56bfc062723c751e8b465ee728b)
Start importing Assets/Materials/coin_1.mat using Guid(6b2fa36049c2d2c42bfe7e23b01c91af) Importer(815301076,1909f56bfc062723c751e8b465ee728b)  -> (artifact id: 'd00cfa5a13abbe9d5f58f8fc749bf662') in 0.049812 seconds
  Import took 0.060228 seconds .

========================================================================
Received Import Request.
  Time since last request: 0.000441 seconds.
  path: Assets/Materials/Purple Wood.mat
  artifactKey: Guid(345b961f85cb62d4a8427c4349066172) Importer(815301076,1909f56bfc062723c751e8b465ee728b)
Start importing Assets/Materials/Purple Wood.mat using Guid(345b961f85cb62d4a8427c4349066172) Importer(815301076,1909f56bfc062723c751e8b465ee728b)  -> (artifact id: 'c45eb9ed9c60c5726b7b7c2e61600ccd') in 0.082953 seconds
  Import took 0.088846 seconds .

========================================================================
Received Import Request.
  Time since last request: 0.000268 seconds.
  path: Assets/Materials/Bola1.physicMaterial
  artifactKey: Guid(fc26d17824641854383fb88ba72bba93) Importer(815301076,1909f56bfc062723c751e8b465ee728b)
Start importing Assets/Materials/Bola1.physicMaterial using Guid(fc26d17824641854383fb88ba72bba93) Importer(815301076,1909f56bfc062723c751e8b465ee728b)  -> (artifact id: '43fd03cadfd20d3f6d1e4c1435ce6869') in 0.236168 seconds
  Import took 0.240788 seconds .

========================================================================
Received Import Request.
  Time since last request: 0.000442 seconds.
  path: Assets/Materials/2.mat
  artifactKey: Guid(f3fb7fa75e7551049a0cbb8ec212f312) Importer(815301076,1909f56bfc062723c751e8b465ee728b)
Start importing Assets/Materials/2.mat using Guid(f3fb7fa75e7551049a0cbb8ec212f312) Importer(815301076,1909f56bfc062723c751e8b465ee728b)  -> (artifact id: '5d5b1b53b31de6bf3e1f5c6e22b1c956') in 0.044170 seconds
  Import took 0.052047 seconds .

========================================================================
Received Import Request.
  Time since last request: 0.000876 seconds.
  path: Assets/Materials/Vidrio.mat
  artifactKey: Guid(6104e165460e3f44fa5aaa0ef8401b36) Importer(815301076,1909f56bfc062723c751e8b465ee728b)
Start importing Assets/Materials/Vidrio.mat using Guid(6104e165460e3f44fa5aaa0ef8401b36) Importer(815301076,1909f56bfc062723c751e8b465ee728b)  -> (artifact id: '25728f0ebb109b4c60cdb4fd3e211f7a') in 0.033799 seconds
  Import took 0.041551 seconds .

========================================================================
Received Import Request.
  Time since last request: 0.000333 seconds.
  path: Assets/Materials/5.mat
  artifactKey: Guid(020874d32047dac48a97fb734d996772) Importer(815301076,1909f56bfc062723c751e8b465ee728b)
Start importing Assets/Materials/5.mat using Guid(020874d32047dac48a97fb734d996772) Importer(815301076,1909f56bfc062723c751e8b465ee728b)  -> (artifact id: '6e911618376904a2925dafbb1e195961') in 0.048573 seconds
  Import took 0.055909 seconds .

========================================================================
Received Import Request.
  Time since last request: 0.000105 seconds.
  path: Assets/Materials/3.mat
  artifactKey: Guid(7737f2be081777c41801c07bab537b03) Importer(815301076,1909f56bfc062723c751e8b465ee728b)
Start importing Assets/Materials/3.mat using Guid(7737f2be081777c41801c07bab537b03) Importer(815301076,1909f56bfc062723c751e8b465ee728b)  -> (artifact id: '50d4305f97b8f8725ee5e8f9aee50d60') in 0.039158 seconds
  Import took 0.044745 seconds .

========================================================================
Received Import Request.
  Time since last request: 0.000402 seconds.
  path: Assets/Materials/7.mat
  artifactKey: Guid(89094dce0dea3b446b107336803823f8) Importer(815301076,1909f56bfc062723c751e8b465ee728b)
Start importing Assets/Materials/7.mat using Guid(89094dce0dea3b446b107336803823f8) Importer(815301076,1909f56bfc062723c751e8b465ee728b)  -> (artifact id: 'a537533f755b2aecfc23f90037321c66') in 0.041764 seconds
  Import took 0.049462 seconds .

========================================================================
Received Import Request.
  Time since last request: 0.000268 seconds.
  path: Assets/Materials/Orange Wood.mat
  artifactKey: Guid(b439c9bf2090d704e96c8e5638e4f573) Importer(815301076,1909f56bfc062723c751e8b465ee728b)
Start importing Assets/Materials/Orange Wood.mat using Guid(b439c9bf2090d704e96c8e5638e4f573) Importer(815301076,1909f56bfc062723c751e8b465ee728b)  -> (artifact id: '4bcc5f37f8c8c277e2adb7eab5826c08') in 0.039368 seconds
  Import took 0.049410 seconds .

========================================================================
Received Import Request.
  Time since last request: 0.000372 seconds.
  path: Assets/Materials/Yellow Wood.mat
  artifactKey: Guid(d8be935bf8048af4ea4bd38e0fd2e7e2) Importer(815301076,1909f56bfc062723c751e8b465ee728b)
Start importing Assets/Materials/Yellow Wood.mat using Guid(d8be935bf8048af4ea4bd38e0fd2e7e2) Importer(815301076,1909f56bfc062723c751e8b465ee728b)  -> (artifact id: '12f3d1e9fd220262ae682bc552e9fb90') in 0.034932 seconds
  Import took 0.040861 seconds .

========================================================================
Received Import Request.
  Time since last request: 0.000596 seconds.
  path: Assets/Materials/Blue Wood.mat
  artifactKey: Guid(dc629e21cef014141a90245c4ee95466) Importer(815301076,1909f56bfc062723c751e8b465ee728b)
Start importing Assets/Materials/Blue Wood.mat using Guid(dc629e21cef014141a90245c4ee95466) Importer(815301076,1909f56bfc062723c751e8b465ee728b)  -> (artifact id: '834e0e7b30daed492504079c1156bed6') in 0.035968 seconds
  Import took 0.055196 seconds .

========================================================================
Received Prepare
Registering precompiled user dll's ...
Registered in 0.002621 seconds.
Begin MonoManager ReloadAssembly
Native extension for WindowsStandalone target not found
Refreshing native plugins compatible for Editor in 0.74 ms, found 1 plugins.
Preloading 0 native plugins for Editor in 0.00 ms.
Mono: successfully reloaded assembly
- Completed reload, in  1.614 seconds
Platform modules already initialized, skipping
Refreshing native plugins compatible for Editor in 0.99 ms, found 1 plugins.
Preloading 0 native plugins for Editor in 0.00 ms.
Unloading 1531 Unused Serialized files (Serialized files now loaded: 0)
System memory in use before: 75.4 MB.
System memory in use after: 75.5 MB.

Unloading 8 unused Assets to reduce memory usage. Loaded Objects now: 2097.
Total: 8.567500 ms (FindLiveObjects: 2.404400 ms CreateObjectMapping: 0.470500 ms MarkObjects: 5.588100 ms  DeleteObjects: 0.100300 ms)

========================================================================
Received Import Request.
  Time since last request: 240.224548 seconds.
  path: Assets/Scenes/Menu.unity
  artifactKey: Guid(ddf0cf68fcd81d649b84a31441de5946) Importer(815301076,1909f56bfc062723c751e8b465ee728b)
Start importing Assets/Scenes/Menu.unity using Guid(ddf0cf68fcd81d649b84a31441de5946) Importer(815301076,1909f56bfc062723c751e8b465ee728b)  -> (artifact id: 'ba8c0979240ff5bcfb4cd258be1e27ca') in 0.070845 seconds
  Import took 0.083136 seconds .

========================================================================
Received Import Request.
  Time since last request: 29.532905 seconds.
  path: Assets/Scenes/Monedas.unity
  artifactKey: Guid(fc6421b838123694a84f5f3323730b4c) Importer(815301076,1909f56bfc062723c751e8b465ee728b)
Start importing Assets/Scenes/Monedas.unity using Guid(fc6421b838123694a84f5f3323730b4c) Importer(815301076,1909f56bfc062723c751e8b465ee728b)  -> (artifact id: 'aa609cfa64374a1007268907f56bd591') in 0.021041 seconds
  Import took 0.055259 seconds .

========================================================================
Received Prepare
Registering precompiled user dll's ...
Registered in 0.002077 seconds.
Begin MonoManager ReloadAssembly
Native extension for WindowsStandalone target not found
Refreshing native plugins compatible for Editor in 0.87 ms, found 1 plugins.
Preloading 0 native plugins for Editor in 0.00 ms.
Mono: successfully reloaded assembly
- Completed reload, in  2.432 seconds
Platform modules already initialized, skipping
Refreshing native plugins compatible for Editor in 0.57 ms, found 1 plugins.
Preloading 0 native plugins for Editor in 0.00 ms.
Unloading 1531 Unused Serialized files (Serialized files now loaded: 0)
System memory in use before: 75.4 MB.
System memory in use after: 75.5 MB.

Unloading 8 unused Assets to reduce memory usage. Loaded Objects now: 2101.
Total: 4.483400 ms (FindLiveObjects: 0.522800 ms CreateObjectMapping: 0.173100 ms MarkObjects: 3.632800 ms  DeleteObjects: 0.152100 ms)

========================================================================
Received Prepare
Registering precompiled user dll's ...
Registered in 0.006581 seconds.
Begin MonoManager ReloadAssembly
Native extension for WindowsStandalone target not found
Refreshing native plugins compatible for Editor in 0.90 ms, found 1 plugins.
Preloading 0 native plugins for Editor in 0.00 ms.
Mono: successfully reloaded assembly
- Completed reload, in  2.058 seconds
Platform modules already initialized, skipping
Refreshing native plugins compatible for Editor in 0.84 ms, found 1 plugins.
Preloading 0 native plugins for Editor in 0.00 ms.
Unloading 1531 Unused Serialized files (Serialized files now loaded: 0)
System memory in use before: 75.4 MB.
System memory in use after: 75.5 MB.

Unloading 8 unused Assets to reduce memory usage. Loaded Objects now: 2105.
Total: 4.309500 ms (FindLiveObjects: 0.678000 ms CreateObjectMapping: 0.102500 ms MarkObjects: 3.423000 ms  DeleteObjects: 0.103800 ms)

========================================================================
Received Import Request.
  Time since last request: 732.636695 seconds.
  path: Assets/Scripts
  artifactKey: Guid(cc083ee68d888e5408330749c52193ae) Importer(815301076,1909f56bfc062723c751e8b465ee728b)
Start importing Assets/Scripts using Guid(cc083ee68d888e5408330749c52193ae) Importer(815301076,1909f56bfc062723c751e8b465ee728b)  -> (artifact id: '3f6db30fa4b34a0a6d6cadc593b5eb04') in 0.023779 seconds
  Import took 0.036121 seconds .

========================================================================
Received Prepare
Refreshing native plugins compatible for Editor in 2.18 ms, found 1 plugins.
Preloading 0 native plugins for Editor in 0.00 ms.
Unloading 5 Unused Serialized files (Serialized files now loaded: 0)
System memory in use before: 45.3 MB.
System memory in use after: 45.4 MB.

Unloading 5 unused Assets to reduce memory usage. Loaded Objects now: 2105.
Total: 9.767000 ms (FindLiveObjects: 0.654000 ms CreateObjectMapping: 0.119600 ms MarkObjects: 8.896600 ms  DeleteObjects: 0.092300 ms)

========================================================================
Received Prepare
Registering precompiled user dll's ...
Registered in 0.003497 seconds.
Begin MonoManager ReloadAssembly
Native extension for WindowsStandalone target not found
Refreshing native plugins compatible for Editor in 1.39 ms, found 1 plugins.
Preloading 0 native plugins for Editor in 0.00 ms.
Mono: successfully reloaded assembly
- Completed reload, in  5.493 seconds
Platform modules already initialized, skipping
Refreshing native plugins compatible for Editor in 1.14 ms, found 1 plugins.
Preloading 0 native plugins for Editor in 0.00 ms.
Unloading 1531 Unused Serialized files (Serialized files now loaded: 0)
System memory in use before: 75.8 MB.
System memory in use after: 75.9 MB.

Unloading 8 unused Assets to reduce memory usage. Loaded Objects now: 2109.
Total: 5.918800 ms (FindLiveObjects: 0.964200 ms CreateObjectMapping: 0.176700 ms MarkObjects: 4.627900 ms  DeleteObjects: 0.147100 ms)

AssetImportWorkerClient::OnTransportError - code=2 error=End of file
